(MainThread) reading process list
(blocking_0) wait_for_task starting
(blocking_1) wait_for_task starting
(blocking_2) wait_for_task starting
(blocking_3) wait_for_task starting
(blocking_0) (0/448) CUDA_VISIBLE_DEVICES=0 python train_addr.py --dataset=poa --model_name=MyBasicNei --sigma=0.02 --sigma2=0.05 --use_latlon --use_sinsinoidal --use_poiprox
(blocking_2) (0/447) CUDA_VISIBLE_DEVICES=2 python train_addr.py --dataset=kc --model_name=MyBasicNei --sigma=0.02 --sigma2=0.05 --use_latlon --use_sinsinoidal --use_poiprox
(blocking_1) (0/446) CUDA_VISIBLE_DEVICES=1 python train_addr.py --dataset=sp --model_name=MyBasicNei --sigma=0.02 --sigma2=0.05 --use_latlon --use_sinsinoidal --use_poiprox
(blocking_3) (0/445) CUDA_VISIBLE_DEVICES=3 python train_addr.py --dataset=fc --model_name=MyBasicNei --sigma=0.02 --sigma2=0.05 --use_latlon --use_sinsinoidal --use_poiprox
(blocking_0) (0/444) CUDA_VISIBLE_DEVICES=0 python train_addr.py --dataset=poa --model_name=MyBasicNei --sigma=0.02 --sigma2=0.02 --use_latlon --use_sinsinoidal --use_poiprox
(blocking_2) (0/443) CUDA_VISIBLE_DEVICES=2 python train_addr.py --dataset=kc --model_name=MyBasicNei --sigma=0.02 --sigma2=0.02 --use_latlon --use_sinsinoidal --use_poiprox
(blocking_2) (0/442) CUDA_VISIBLE_DEVICES=2 python train_addr.py --dataset=sp --model_name=MyBasicNei --sigma=0.02 --sigma2=0.02 --use_latlon --use_sinsinoidal --use_poiprox
(blocking_0) (0/441) CUDA_VISIBLE_DEVICES=0 python train_addr.py --dataset=fc --model_name=MyBasicNei --sigma=0.02 --sigma2=0.02 --use_latlon --use_sinsinoidal --use_poiprox
(blocking_1) (0/440) CUDA_VISIBLE_DEVICES=1 python train_addr.py --dataset=poa --model_name=MyBasicNei --sigma=0.02 --sigma2=0.2 --use_latlon --use_sinsinoidal --use_poiprox
(blocking_1) (0/439) CUDA_VISIBLE_DEVICES=1 python train_addr.py --dataset=kc --model_name=MyBasicNei --sigma=0.02 --sigma2=0.2 --use_latlon --use_sinsinoidal --use_poiprox
(blocking_3) (0/438) CUDA_VISIBLE_DEVICES=3 python train_addr.py --dataset=sp --model_name=MyBasicNei --sigma=0.02 --sigma2=0.2 --use_latlon --use_sinsinoidal --use_poiprox
(blocking_1) (0/437) CUDA_VISIBLE_DEVICES=1 python train_addr.py --dataset=fc --model_name=MyBasicNei --sigma=0.02 --sigma2=0.2 --use_latlon --use_sinsinoidal --use_poiprox
(blocking_2) (0/436) CUDA_VISIBLE_DEVICES=2 python train_addr.py --dataset=poa --model_name=MyBasicNei --sigma=0.02 --sigma2=2 --use_latlon --use_sinsinoidal --use_poiprox
(blocking_0) (0/435) CUDA_VISIBLE_DEVICES=0 python train_addr.py --dataset=kc --model_name=MyBasicNei --sigma=0.02 --sigma2=2 --use_latlon --use_sinsinoidal --use_poiprox
(blocking_0) (0/434) CUDA_VISIBLE_DEVICES=0 python train_addr.py --dataset=sp --model_name=MyBasicNei --sigma=0.02 --sigma2=2 --use_latlon --use_sinsinoidal --use_poiprox
(blocking_2) (0/433) CUDA_VISIBLE_DEVICES=2 python train_addr.py --dataset=fc --model_name=MyBasicNei --sigma=0.02 --sigma2=2 --use_latlon --use_sinsinoidal --use_poiprox
(blocking_1) (0/432) CUDA_VISIBLE_DEVICES=1 python train_addr.py --dataset=poa --model_name=MyBasicNei --sigma=0.01 --sigma2=0.05 --use_latlon --use_sinsinoidal --use_poiprox
(blocking_3) (0/431) CUDA_VISIBLE_DEVICES=3 python train_addr.py --dataset=kc --model_name=MyBasicNei --sigma=0.01 --sigma2=0.05 --use_latlon --use_sinsinoidal --use_poiprox
(blocking_1) (0/430) CUDA_VISIBLE_DEVICES=1 python train_addr.py --dataset=sp --model_name=MyBasicNei --sigma=0.01 --sigma2=0.05 --use_latlon --use_sinsinoidal --use_poiprox
(blocking_3) (0/429) CUDA_VISIBLE_DEVICES=3 python train_addr.py --dataset=fc --model_name=MyBasicNei --sigma=0.01 --sigma2=0.05 --use_latlon --use_sinsinoidal --use_poiprox
(blocking_0) (0/428) CUDA_VISIBLE_DEVICES=0 python train_addr.py --dataset=poa --model_name=MyBasicNei --sigma=0.01 --sigma2=0.02 --use_latlon --use_sinsinoidal --use_poiprox
(blocking_2) (0/427) CUDA_VISIBLE_DEVICES=2 python train_addr.py --dataset=kc --model_name=MyBasicNei --sigma=0.01 --sigma2=0.02 --use_latlon --use_sinsinoidal --use_poiprox
(blocking_0) (0/426) CUDA_VISIBLE_DEVICES=0 python train_addr.py --dataset=sp --model_name=MyBasicNei --sigma=0.01 --sigma2=0.02 --use_latlon --use_sinsinoidal --use_poiprox
(blocking_2) (0/425) CUDA_VISIBLE_DEVICES=2 python train_addr.py --dataset=fc --model_name=MyBasicNei --sigma=0.01 --sigma2=0.02 --use_latlon --use_sinsinoidal --use_poiprox
(blocking_1) (0/424) CUDA_VISIBLE_DEVICES=1 python train_addr.py --dataset=poa --model_name=MyBasicNei --sigma=0.01 --sigma2=0.2 --use_latlon --use_sinsinoidal --use_poiprox
(blocking_1) (0/423) CUDA_VISIBLE_DEVICES=1 python train_addr.py --dataset=kc --model_name=MyBasicNei --sigma=0.01 --sigma2=0.2 --use_latlon --use_sinsinoidal --use_poiprox
(blocking_1) (0/422) CUDA_VISIBLE_DEVICES=1 python train_addr.py --dataset=sp --model_name=MyBasicNei --sigma=0.01 --sigma2=0.2 --use_latlon --use_sinsinoidal --use_poiprox
(blocking_3) (0/421) CUDA_VISIBLE_DEVICES=3 python train_addr.py --dataset=fc --model_name=MyBasicNei --sigma=0.01 --sigma2=0.2 --use_latlon --use_sinsinoidal --use_poiprox
(blocking_0) (0/420) CUDA_VISIBLE_DEVICES=0 python train_addr.py --dataset=poa --model_name=MyBasicNei --sigma=0.01 --sigma2=2 --use_latlon --use_sinsinoidal --use_poiprox
(blocking_0) (0/419) CUDA_VISIBLE_DEVICES=0 python train_addr.py --dataset=kc --model_name=MyBasicNei --sigma=0.01 --sigma2=2 --use_latlon --use_sinsinoidal --use_poiprox
(blocking_2) (0/418) CUDA_VISIBLE_DEVICES=2 python train_addr.py --dataset=sp --model_name=MyBasicNei --sigma=0.01 --sigma2=2 --use_latlon --use_sinsinoidal --use_poiprox
(blocking_0) (0/417) CUDA_VISIBLE_DEVICES=0 python train_addr.py --dataset=fc --model_name=MyBasicNei --sigma=0.01 --sigma2=2 --use_latlon --use_sinsinoidal --use_poiprox
(blocking_1) (0/416) CUDA_VISIBLE_DEVICES=1 python train_addr.py --dataset=poa --model_name=MyBasicNei --sigma=0.03 --sigma2=0.05 --use_latlon --use_sinsinoidal --use_poiprox
(blocking_3) (0/415) CUDA_VISIBLE_DEVICES=3 python train_addr.py --dataset=kc --model_name=MyBasicNei --sigma=0.03 --sigma2=0.05 --use_latlon --use_sinsinoidal --use_poiprox
(blocking_1) (0/414) CUDA_VISIBLE_DEVICES=1 python train_addr.py --dataset=sp --model_name=MyBasicNei --sigma=0.03 --sigma2=0.05 --use_latlon --use_sinsinoidal --use_poiprox
(blocking_3) (0/413) CUDA_VISIBLE_DEVICES=3 python train_addr.py --dataset=fc --model_name=MyBasicNei --sigma=0.03 --sigma2=0.05 --use_latlon --use_sinsinoidal --use_poiprox
(blocking_2) (0/412) CUDA_VISIBLE_DEVICES=2 python train_addr.py --dataset=poa --model_name=MyBasicNei --sigma=0.03 --sigma2=0.02 --use_latlon --use_sinsinoidal --use_poiprox
(blocking_2) (0/411) CUDA_VISIBLE_DEVICES=2 python train_addr.py --dataset=kc --model_name=MyBasicNei --sigma=0.03 --sigma2=0.02 --use_latlon --use_sinsinoidal --use_poiprox
(blocking_0) (0/410) CUDA_VISIBLE_DEVICES=0 python train_addr.py --dataset=sp --model_name=MyBasicNei --sigma=0.03 --sigma2=0.02 --use_latlon --use_sinsinoidal --use_poiprox
(blocking_2) (0/409) CUDA_VISIBLE_DEVICES=2 python train_addr.py --dataset=fc --model_name=MyBasicNei --sigma=0.03 --sigma2=0.02 --use_latlon --use_sinsinoidal --use_poiprox
(blocking_1) (0/408) CUDA_VISIBLE_DEVICES=1 python train_addr.py --dataset=poa --model_name=MyBasicNei --sigma=0.03 --sigma2=0.2 --use_latlon --use_sinsinoidal --use_poiprox
(blocking_3) (0/407) CUDA_VISIBLE_DEVICES=3 python train_addr.py --dataset=kc --model_name=MyBasicNei --sigma=0.03 --sigma2=0.2 --use_latlon --use_sinsinoidal --use_poiprox
(blocking_1) (0/406) CUDA_VISIBLE_DEVICES=1 python train_addr.py --dataset=sp --model_name=MyBasicNei --sigma=0.03 --sigma2=0.2 --use_latlon --use_sinsinoidal --use_poiprox
(blocking_3) (0/405) CUDA_VISIBLE_DEVICES=3 python train_addr.py --dataset=fc --model_name=MyBasicNei --sigma=0.03 --sigma2=0.2 --use_latlon --use_sinsinoidal --use_poiprox
(blocking_0) (0/404) CUDA_VISIBLE_DEVICES=0 python train_addr.py --dataset=poa --model_name=MyBasicNei --sigma=0.03 --sigma2=2 --use_latlon --use_sinsinoidal --use_poiprox
(blocking_2) (0/403) CUDA_VISIBLE_DEVICES=2 python train_addr.py --dataset=kc --model_name=MyBasicNei --sigma=0.03 --sigma2=2 --use_latlon --use_sinsinoidal --use_poiprox
(blocking_0) (0/402) CUDA_VISIBLE_DEVICES=0 python train_addr.py --dataset=sp --model_name=MyBasicNei --sigma=0.03 --sigma2=2 --use_latlon --use_sinsinoidal --use_poiprox
(blocking_2) (0/401) CUDA_VISIBLE_DEVICES=2 python train_addr.py --dataset=fc --model_name=MyBasicNei --sigma=0.03 --sigma2=2 --use_latlon --use_sinsinoidal --use_poiprox
(blocking_1) (0/400) CUDA_VISIBLE_DEVICES=1 python train_addr.py --dataset=poa --model_name=MyBasicNei --sigma=0.05 --sigma2=0.05 --use_latlon --use_sinsinoidal --use_poiprox
(blocking_3) (0/399) CUDA_VISIBLE_DEVICES=3 python train_addr.py --dataset=kc --model_name=MyBasicNei --sigma=0.05 --sigma2=0.05 --use_latlon --use_sinsinoidal --use_poiprox
(blocking_1) (0/398) CUDA_VISIBLE_DEVICES=1 python train_addr.py --dataset=sp --model_name=MyBasicNei --sigma=0.05 --sigma2=0.05 --use_latlon --use_sinsinoidal --use_poiprox
(blocking_3) (0/397) CUDA_VISIBLE_DEVICES=3 python train_addr.py --dataset=fc --model_name=MyBasicNei --sigma=0.05 --sigma2=0.05 --use_latlon --use_sinsinoidal --use_poiprox
(blocking_0) (0/396) CUDA_VISIBLE_DEVICES=0 python train_addr.py --dataset=poa --model_name=MyBasicNei --sigma=0.05 --sigma2=0.02 --use_latlon --use_sinsinoidal --use_poiprox
(blocking_2) (0/395) CUDA_VISIBLE_DEVICES=2 python train_addr.py --dataset=kc --model_name=MyBasicNei --sigma=0.05 --sigma2=0.02 --use_latlon --use_sinsinoidal --use_poiprox
(blocking_1) (0/394) CUDA_VISIBLE_DEVICES=1 python train_addr.py --dataset=sp --model_name=MyBasicNei --sigma=0.05 --sigma2=0.02 --use_latlon --use_sinsinoidal --use_poiprox
(blocking_0) (0/393) CUDA_VISIBLE_DEVICES=0 python train_addr.py --dataset=fc --model_name=MyBasicNei --sigma=0.05 --sigma2=0.02 --use_latlon --use_sinsinoidal --use_poiprox
(blocking_2) (0/392) CUDA_VISIBLE_DEVICES=2 python train_addr.py --dataset=poa --model_name=MyBasicNei --sigma=0.05 --sigma2=0.2 --use_latlon --use_sinsinoidal --use_poiprox
(blocking_3) (0/391) CUDA_VISIBLE_DEVICES=3 python train_addr.py --dataset=kc --model_name=MyBasicNei --sigma=0.05 --sigma2=0.2 --use_latlon --use_sinsinoidal --use_poiprox
(blocking_3) (0/390) CUDA_VISIBLE_DEVICES=3 python train_addr.py --dataset=sp --model_name=MyBasicNei --sigma=0.05 --sigma2=0.2 --use_latlon --use_sinsinoidal --use_poiprox
(blocking_2) (0/389) CUDA_VISIBLE_DEVICES=2 python train_addr.py --dataset=fc --model_name=MyBasicNei --sigma=0.05 --sigma2=0.2 --use_latlon --use_sinsinoidal --use_poiprox
(blocking_1) (0/388) CUDA_VISIBLE_DEVICES=1 python train_addr.py --dataset=poa --model_name=MyBasicNei --sigma=0.05 --sigma2=2 --use_latlon --use_sinsinoidal --use_poiprox
(blocking_0) (0/387) CUDA_VISIBLE_DEVICES=0 python train_addr.py --dataset=kc --model_name=MyBasicNei --sigma=0.05 --sigma2=2 --use_latlon --use_sinsinoidal --use_poiprox
(blocking_3) (0/386) CUDA_VISIBLE_DEVICES=3 python train_addr.py --dataset=sp --model_name=MyBasicNei --sigma=0.05 --sigma2=2 --use_latlon --use_sinsinoidal --use_poiprox
(blocking_1) (0/385) CUDA_VISIBLE_DEVICES=1 python train_addr.py --dataset=fc --model_name=MyBasicNei --sigma=0.05 --sigma2=2 --use_latlon --use_sinsinoidal --use_poiprox
(blocking_0) (0/384) CUDA_VISIBLE_DEVICES=0 python train_addr.py --dataset=poa --model_name=MyBasicNei --sigma=0.1 --sigma2=0.05 --use_latlon --use_sinsinoidal --use_poiprox
(blocking_2) (0/383) CUDA_VISIBLE_DEVICES=2 python train_addr.py --dataset=kc --model_name=MyBasicNei --sigma=0.1 --sigma2=0.05 --use_latlon --use_sinsinoidal --use_poiprox
(blocking_0) (0/382) CUDA_VISIBLE_DEVICES=0 python train_addr.py --dataset=sp --model_name=MyBasicNei --sigma=0.1 --sigma2=0.05 --use_latlon --use_sinsinoidal --use_poiprox
(blocking_2) (0/381) CUDA_VISIBLE_DEVICES=2 python train_addr.py --dataset=fc --model_name=MyBasicNei --sigma=0.1 --sigma2=0.05 --use_latlon --use_sinsinoidal --use_poiprox
(blocking_3) (0/380) CUDA_VISIBLE_DEVICES=3 python train_addr.py --dataset=poa --model_name=MyBasicNei --sigma=0.1 --sigma2=0.02 --use_latlon --use_sinsinoidal --use_poiprox
(blocking_1) (0/379) CUDA_VISIBLE_DEVICES=1 python train_addr.py --dataset=kc --model_name=MyBasicNei --sigma=0.1 --sigma2=0.02 --use_latlon --use_sinsinoidal --use_poiprox
(blocking_3) (0/378) CUDA_VISIBLE_DEVICES=3 python train_addr.py --dataset=sp --model_name=MyBasicNei --sigma=0.1 --sigma2=0.02 --use_latlon --use_sinsinoidal --use_poiprox
(blocking_1) (0/377) CUDA_VISIBLE_DEVICES=1 python train_addr.py --dataset=fc --model_name=MyBasicNei --sigma=0.1 --sigma2=0.02 --use_latlon --use_sinsinoidal --use_poiprox
(blocking_0) (0/376) CUDA_VISIBLE_DEVICES=0 python train_addr.py --dataset=poa --model_name=MyBasicNei --sigma=0.1 --sigma2=0.2 --use_latlon --use_sinsinoidal --use_poiprox
(blocking_2) (0/375) CUDA_VISIBLE_DEVICES=2 python train_addr.py --dataset=kc --model_name=MyBasicNei --sigma=0.1 --sigma2=0.2 --use_latlon --use_sinsinoidal --use_poiprox
(blocking_0) (0/374) CUDA_VISIBLE_DEVICES=0 python train_addr.py --dataset=sp --model_name=MyBasicNei --sigma=0.1 --sigma2=0.2 --use_latlon --use_sinsinoidal --use_poiprox
(blocking_2) (0/373) CUDA_VISIBLE_DEVICES=2 python train_addr.py --dataset=fc --model_name=MyBasicNei --sigma=0.1 --sigma2=0.2 --use_latlon --use_sinsinoidal --use_poiprox
(blocking_3) (0/372) CUDA_VISIBLE_DEVICES=3 python train_addr.py --dataset=poa --model_name=MyBasicNei --sigma=0.1 --sigma2=2 --use_latlon --use_sinsinoidal --use_poiprox
(blocking_1) (0/371) CUDA_VISIBLE_DEVICES=1 python train_addr.py --dataset=kc --model_name=MyBasicNei --sigma=0.1 --sigma2=2 --use_latlon --use_sinsinoidal --use_poiprox
(blocking_3) (0/370) CUDA_VISIBLE_DEVICES=3 python train_addr.py --dataset=sp --model_name=MyBasicNei --sigma=0.1 --sigma2=2 --use_latlon --use_sinsinoidal --use_poiprox
(blocking_1) (0/369) CUDA_VISIBLE_DEVICES=1 python train_addr.py --dataset=fc --model_name=MyBasicNei --sigma=0.1 --sigma2=2 --use_latlon --use_sinsinoidal --use_poiprox
(blocking_0) (0/368) CUDA_VISIBLE_DEVICES=0 python train_addr.py --dataset=poa --model_name=MyBasicNei --sigma=0.2 --sigma2=0.05 --use_latlon --use_sinsinoidal --use_poiprox
(blocking_2) (0/367) CUDA_VISIBLE_DEVICES=2 python train_addr.py --dataset=kc --model_name=MyBasicNei --sigma=0.2 --sigma2=0.05 --use_latlon --use_sinsinoidal --use_poiprox
(blocking_0) (0/366) CUDA_VISIBLE_DEVICES=0 python train_addr.py --dataset=sp --model_name=MyBasicNei --sigma=0.2 --sigma2=0.05 --use_latlon --use_sinsinoidal --use_poiprox
(blocking_2) (0/365) CUDA_VISIBLE_DEVICES=2 python train_addr.py --dataset=fc --model_name=MyBasicNei --sigma=0.2 --sigma2=0.05 --use_latlon --use_sinsinoidal --use_poiprox
(blocking_1) (0/364) CUDA_VISIBLE_DEVICES=1 python train_addr.py --dataset=poa --model_name=MyBasicNei --sigma=0.2 --sigma2=0.02 --use_latlon --use_sinsinoidal --use_poiprox
(blocking_3) (0/363) CUDA_VISIBLE_DEVICES=3 python train_addr.py --dataset=kc --model_name=MyBasicNei --sigma=0.2 --sigma2=0.02 --use_latlon --use_sinsinoidal --use_poiprox
(blocking_1) (0/362) CUDA_VISIBLE_DEVICES=1 python train_addr.py --dataset=sp --model_name=MyBasicNei --sigma=0.2 --sigma2=0.02 --use_latlon --use_sinsinoidal --use_poiprox
(blocking_3) (0/361) CUDA_VISIBLE_DEVICES=3 python train_addr.py --dataset=fc --model_name=MyBasicNei --sigma=0.2 --sigma2=0.02 --use_latlon --use_sinsinoidal --use_poiprox
(blocking_0) (0/360) CUDA_VISIBLE_DEVICES=0 python train_addr.py --dataset=poa --model_name=MyBasicNei --sigma=0.2 --sigma2=0.2 --use_latlon --use_sinsinoidal --use_poiprox
(blocking_2) (0/359) CUDA_VISIBLE_DEVICES=2 python train_addr.py --dataset=kc --model_name=MyBasicNei --sigma=0.2 --sigma2=0.2 --use_latlon --use_sinsinoidal --use_poiprox
(blocking_0) (0/358) CUDA_VISIBLE_DEVICES=0 python train_addr.py --dataset=sp --model_name=MyBasicNei --sigma=0.2 --sigma2=0.2 --use_latlon --use_sinsinoidal --use_poiprox
(blocking_2) (0/357) CUDA_VISIBLE_DEVICES=2 python train_addr.py --dataset=fc --model_name=MyBasicNei --sigma=0.2 --sigma2=0.2 --use_latlon --use_sinsinoidal --use_poiprox
(blocking_3) (0/356) CUDA_VISIBLE_DEVICES=3 python train_addr.py --dataset=poa --model_name=MyBasicNei --sigma=0.2 --sigma2=2 --use_latlon --use_sinsinoidal --use_poiprox
(blocking_1) (0/355) CUDA_VISIBLE_DEVICES=1 python train_addr.py --dataset=kc --model_name=MyBasicNei --sigma=0.2 --sigma2=2 --use_latlon --use_sinsinoidal --use_poiprox
(blocking_3) (0/354) CUDA_VISIBLE_DEVICES=3 python train_addr.py --dataset=sp --model_name=MyBasicNei --sigma=0.2 --sigma2=2 --use_latlon --use_sinsinoidal --use_poiprox
(blocking_1) (0/353) CUDA_VISIBLE_DEVICES=1 python train_addr.py --dataset=fc --model_name=MyBasicNei --sigma=0.2 --sigma2=2 --use_latlon --use_sinsinoidal --use_poiprox
(blocking_0) (0/352) CUDA_VISIBLE_DEVICES=0 python train_addr.py --dataset=poa --model_name=MyBasicNei --sigma=0.3 --sigma2=0.05 --use_latlon --use_sinsinoidal --use_poiprox
(blocking_2) (0/351) CUDA_VISIBLE_DEVICES=2 python train_addr.py --dataset=kc --model_name=MyBasicNei --sigma=0.3 --sigma2=0.05 --use_latlon --use_sinsinoidal --use_poiprox
(blocking_0) (0/350) CUDA_VISIBLE_DEVICES=0 python train_addr.py --dataset=sp --model_name=MyBasicNei --sigma=0.3 --sigma2=0.05 --use_latlon --use_sinsinoidal --use_poiprox
(blocking_2) (0/349) CUDA_VISIBLE_DEVICES=2 python train_addr.py --dataset=fc --model_name=MyBasicNei --sigma=0.3 --sigma2=0.05 --use_latlon --use_sinsinoidal --use_poiprox
(blocking_1) (0/348) CUDA_VISIBLE_DEVICES=1 python train_addr.py --dataset=poa --model_name=MyBasicNei --sigma=0.3 --sigma2=0.02 --use_latlon --use_sinsinoidal --use_poiprox
(blocking_3) (0/347) CUDA_VISIBLE_DEVICES=3 python train_addr.py --dataset=kc --model_name=MyBasicNei --sigma=0.3 --sigma2=0.02 --use_latlon --use_sinsinoidal --use_poiprox
(blocking_1) (0/346) CUDA_VISIBLE_DEVICES=1 python train_addr.py --dataset=sp --model_name=MyBasicNei --sigma=0.3 --sigma2=0.02 --use_latlon --use_sinsinoidal --use_poiprox
(blocking_3) (0/345) CUDA_VISIBLE_DEVICES=3 python train_addr.py --dataset=fc --model_name=MyBasicNei --sigma=0.3 --sigma2=0.02 --use_latlon --use_sinsinoidal --use_poiprox
(blocking_0) (0/344) CUDA_VISIBLE_DEVICES=0 python train_addr.py --dataset=poa --model_name=MyBasicNei --sigma=0.3 --sigma2=0.2 --use_latlon --use_sinsinoidal --use_poiprox
(blocking_2) (0/343) CUDA_VISIBLE_DEVICES=2 python train_addr.py --dataset=kc --model_name=MyBasicNei --sigma=0.3 --sigma2=0.2 --use_latlon --use_sinsinoidal --use_poiprox
(blocking_0) (0/342) CUDA_VISIBLE_DEVICES=0 python train_addr.py --dataset=sp --model_name=MyBasicNei --sigma=0.3 --sigma2=0.2 --use_latlon --use_sinsinoidal --use_poiprox
(blocking_1) (0/341) CUDA_VISIBLE_DEVICES=1 python train_addr.py --dataset=fc --model_name=MyBasicNei --sigma=0.3 --sigma2=0.2 --use_latlon --use_sinsinoidal --use_poiprox
(blocking_2) (0/340) CUDA_VISIBLE_DEVICES=2 python train_addr.py --dataset=poa --model_name=MyBasicNei --sigma=0.3 --sigma2=2 --use_latlon --use_sinsinoidal --use_poiprox
(blocking_3) (0/339) CUDA_VISIBLE_DEVICES=3 python train_addr.py --dataset=kc --model_name=MyBasicNei --sigma=0.3 --sigma2=2 --use_latlon --use_sinsinoidal --use_poiprox
(blocking_2) (0/338) CUDA_VISIBLE_DEVICES=2 python train_addr.py --dataset=sp --model_name=MyBasicNei --sigma=0.3 --sigma2=2 --use_latlon --use_sinsinoidal --use_poiprox
(blocking_3) (0/337) CUDA_VISIBLE_DEVICES=3 python train_addr.py --dataset=fc --model_name=MyBasicNei --sigma=0.3 --sigma2=2 --use_latlon --use_sinsinoidal --use_poiprox
(blocking_0) (0/336) CUDA_VISIBLE_DEVICES=0 python train_addr.py --dataset=poa --model_name=MyBasicNei --sigma=0.5 --sigma2=0.05 --use_latlon --use_sinsinoidal --use_poiprox
(blocking_1) (0/335) CUDA_VISIBLE_DEVICES=1 python train_addr.py --dataset=kc --model_name=MyBasicNei --sigma=0.5 --sigma2=0.05 --use_latlon --use_sinsinoidal --use_poiprox
(blocking_0) (0/334) CUDA_VISIBLE_DEVICES=0 python train_addr.py --dataset=sp --model_name=MyBasicNei --sigma=0.5 --sigma2=0.05 --use_latlon --use_sinsinoidal --use_poiprox
(blocking_1) (0/333) CUDA_VISIBLE_DEVICES=1 python train_addr.py --dataset=fc --model_name=MyBasicNei --sigma=0.5 --sigma2=0.05 --use_latlon --use_sinsinoidal --use_poiprox
(blocking_2) (0/332) CUDA_VISIBLE_DEVICES=2 python train_addr.py --dataset=poa --model_name=MyBasicNei --sigma=0.5 --sigma2=0.02 --use_latlon --use_sinsinoidal --use_poiprox
(blocking_3) (0/331) CUDA_VISIBLE_DEVICES=3 python train_addr.py --dataset=kc --model_name=MyBasicNei --sigma=0.5 --sigma2=0.02 --use_latlon --use_sinsinoidal --use_poiprox
(blocking_2) (0/330) CUDA_VISIBLE_DEVICES=2 python train_addr.py --dataset=sp --model_name=MyBasicNei --sigma=0.5 --sigma2=0.02 --use_latlon --use_sinsinoidal --use_poiprox
(blocking_3) (0/329) CUDA_VISIBLE_DEVICES=3 python train_addr.py --dataset=fc --model_name=MyBasicNei --sigma=0.5 --sigma2=0.02 --use_latlon --use_sinsinoidal --use_poiprox
(blocking_0) (0/328) CUDA_VISIBLE_DEVICES=0 python train_addr.py --dataset=poa --model_name=MyBasicNei --sigma=0.5 --sigma2=0.2 --use_latlon --use_sinsinoidal --use_poiprox
(blocking_0) (0/327) CUDA_VISIBLE_DEVICES=0 python train_addr.py --dataset=kc --model_name=MyBasicNei --sigma=0.5 --sigma2=0.2 --use_latlon --use_sinsinoidal --use_poiprox
(blocking_1) (0/326) CUDA_VISIBLE_DEVICES=1 python train_addr.py --dataset=sp --model_name=MyBasicNei --sigma=0.5 --sigma2=0.2 --use_latlon --use_sinsinoidal --use_poiprox
(blocking_2) (0/325) CUDA_VISIBLE_DEVICES=2 python train_addr.py --dataset=fc --model_name=MyBasicNei --sigma=0.5 --sigma2=0.2 --use_latlon --use_sinsinoidal --use_poiprox
(blocking_0) (0/324) CUDA_VISIBLE_DEVICES=0 python train_addr.py --dataset=poa --model_name=MyBasicNei --sigma=0.5 --sigma2=2 --use_latlon --use_sinsinoidal --use_poiprox
(blocking_3) (0/323) CUDA_VISIBLE_DEVICES=3 python train_addr.py --dataset=kc --model_name=MyBasicNei --sigma=0.5 --sigma2=2 --use_latlon --use_sinsinoidal --use_poiprox
(blocking_0) (0/322) CUDA_VISIBLE_DEVICES=0 python train_addr.py --dataset=sp --model_name=MyBasicNei --sigma=0.5 --sigma2=2 --use_latlon --use_sinsinoidal --use_poiprox
(blocking_3) (0/321) CUDA_VISIBLE_DEVICES=3 python train_addr.py --dataset=fc --model_name=MyBasicNei --sigma=0.5 --sigma2=2 --use_latlon --use_sinsinoidal --use_poiprox
(blocking_1) (0/320) CUDA_VISIBLE_DEVICES=1 python train_addr.py --dataset=poa --model_name=MyBasicNei --sigma=1 --sigma2=0.05 --use_latlon --use_sinsinoidal --use_poiprox
(blocking_2) (0/319) CUDA_VISIBLE_DEVICES=2 python train_addr.py --dataset=kc --model_name=MyBasicNei --sigma=1 --sigma2=0.05 --use_latlon --use_sinsinoidal --use_poiprox
(blocking_1) (0/318) CUDA_VISIBLE_DEVICES=1 python train_addr.py --dataset=sp --model_name=MyBasicNei --sigma=1 --sigma2=0.05 --use_latlon --use_sinsinoidal --use_poiprox
(blocking_2) (0/317) CUDA_VISIBLE_DEVICES=2 python train_addr.py --dataset=fc --model_name=MyBasicNei --sigma=1 --sigma2=0.05 --use_latlon --use_sinsinoidal --use_poiprox
(blocking_0) (0/316) CUDA_VISIBLE_DEVICES=0 python train_addr.py --dataset=poa --model_name=MyBasicNei --sigma=1 --sigma2=0.02 --use_latlon --use_sinsinoidal --use_poiprox
(blocking_0) (0/315) CUDA_VISIBLE_DEVICES=0 python train_addr.py --dataset=kc --model_name=MyBasicNei --sigma=1 --sigma2=0.02 --use_latlon --use_sinsinoidal --use_poiprox
(blocking_3) (0/314) CUDA_VISIBLE_DEVICES=3 python train_addr.py --dataset=sp --model_name=MyBasicNei --sigma=1 --sigma2=0.02 --use_latlon --use_sinsinoidal --use_poiprox
(blocking_0) (0/313) CUDA_VISIBLE_DEVICES=0 python train_addr.py --dataset=fc --model_name=MyBasicNei --sigma=1 --sigma2=0.02 --use_latlon --use_sinsinoidal --use_poiprox
(blocking_1) (0/312) CUDA_VISIBLE_DEVICES=1 python train_addr.py --dataset=poa --model_name=MyBasicNei --sigma=1 --sigma2=0.2 --use_latlon --use_sinsinoidal --use_poiprox
(blocking_2) (0/311) CUDA_VISIBLE_DEVICES=2 python train_addr.py --dataset=kc --model_name=MyBasicNei --sigma=1 --sigma2=0.2 --use_latlon --use_sinsinoidal --use_poiprox
(blocking_1) (0/310) CUDA_VISIBLE_DEVICES=1 python train_addr.py --dataset=sp --model_name=MyBasicNei --sigma=1 --sigma2=0.2 --use_latlon --use_sinsinoidal --use_poiprox
(blocking_2) (0/309) CUDA_VISIBLE_DEVICES=2 python train_addr.py --dataset=fc --model_name=MyBasicNei --sigma=1 --sigma2=0.2 --use_latlon --use_sinsinoidal --use_poiprox
(blocking_3) (0/308) CUDA_VISIBLE_DEVICES=3 python train_addr.py --dataset=poa --model_name=MyBasicNei --sigma=1 --sigma2=2 --use_latlon --use_sinsinoidal --use_poiprox
(blocking_3) (0/307) CUDA_VISIBLE_DEVICES=3 python train_addr.py --dataset=kc --model_name=MyBasicNei --sigma=1 --sigma2=2 --use_latlon --use_sinsinoidal --use_poiprox
(blocking_0) (0/306) CUDA_VISIBLE_DEVICES=0 python train_addr.py --dataset=sp --model_name=MyBasicNei --sigma=1 --sigma2=2 --use_latlon --use_sinsinoidal --use_poiprox
(blocking_3) (0/305) CUDA_VISIBLE_DEVICES=3 python train_addr.py --dataset=fc --model_name=MyBasicNei --sigma=1 --sigma2=2 --use_latlon --use_sinsinoidal --use_poiprox
(blocking_1) (0/304) CUDA_VISIBLE_DEVICES=1 python train_addr.py --dataset=poa --model_name=MyBasicNei --sigma=2 --sigma2=0.05 --use_latlon --use_sinsinoidal --use_poiprox
(blocking_1) (0/303) CUDA_VISIBLE_DEVICES=1 python train_addr.py --dataset=kc --model_name=MyBasicNei --sigma=2 --sigma2=0.05 --use_latlon --use_sinsinoidal --use_poiprox
(blocking_2) (0/302) CUDA_VISIBLE_DEVICES=2 python train_addr.py --dataset=sp --model_name=MyBasicNei --sigma=2 --sigma2=0.05 --use_latlon --use_sinsinoidal --use_poiprox
(blocking_0) (0/301) CUDA_VISIBLE_DEVICES=0 python train_addr.py --dataset=fc --model_name=MyBasicNei --sigma=2 --sigma2=0.05 --use_latlon --use_sinsinoidal --use_poiprox
(blocking_1) (0/300) CUDA_VISIBLE_DEVICES=1 python train_addr.py --dataset=poa --model_name=MyBasicNei --sigma=2 --sigma2=0.02 --use_latlon --use_sinsinoidal --use_poiprox
(blocking_3) (0/299) CUDA_VISIBLE_DEVICES=3 python train_addr.py --dataset=kc --model_name=MyBasicNei --sigma=2 --sigma2=0.02 --use_latlon --use_sinsinoidal --use_poiprox
(blocking_1) (0/298) CUDA_VISIBLE_DEVICES=1 python train_addr.py --dataset=sp --model_name=MyBasicNei --sigma=2 --sigma2=0.02 --use_latlon --use_sinsinoidal --use_poiprox
(blocking_3) (0/297) CUDA_VISIBLE_DEVICES=3 python train_addr.py --dataset=fc --model_name=MyBasicNei --sigma=2 --sigma2=0.02 --use_latlon --use_sinsinoidal --use_poiprox
(blocking_2) (0/296) CUDA_VISIBLE_DEVICES=2 python train_addr.py --dataset=poa --model_name=MyBasicNei --sigma=2 --sigma2=0.2 --use_latlon --use_sinsinoidal --use_poiprox
(blocking_0) (0/295) CUDA_VISIBLE_DEVICES=0 python train_addr.py --dataset=kc --model_name=MyBasicNei --sigma=2 --sigma2=0.2 --use_latlon --use_sinsinoidal --use_poiprox
(blocking_1) (0/294) CUDA_VISIBLE_DEVICES=1 python train_addr.py --dataset=sp --model_name=MyBasicNei --sigma=2 --sigma2=0.2 --use_latlon --use_sinsinoidal --use_poiprox
(blocking_2) (0/293) CUDA_VISIBLE_DEVICES=2 python train_addr.py --dataset=fc --model_name=MyBasicNei --sigma=2 --sigma2=0.2 --use_latlon --use_sinsinoidal --use_poiprox
(blocking_3) (0/292) CUDA_VISIBLE_DEVICES=3 python train_addr.py --dataset=poa --model_name=MyBasicNei --sigma=2 --sigma2=2 --use_latlon --use_sinsinoidal --use_poiprox
(blocking_0) (0/291) CUDA_VISIBLE_DEVICES=0 python train_addr.py --dataset=kc --model_name=MyBasicNei --sigma=2 --sigma2=2 --use_latlon --use_sinsinoidal --use_poiprox
(blocking_3) (0/290) CUDA_VISIBLE_DEVICES=3 python train_addr.py --dataset=sp --model_name=MyBasicNei --sigma=2 --sigma2=2 --use_latlon --use_sinsinoidal --use_poiprox
(blocking_0) (0/289) CUDA_VISIBLE_DEVICES=0 python train_addr.py --dataset=fc --model_name=MyBasicNei --sigma=2 --sigma2=2 --use_latlon --use_sinsinoidal --use_poiprox
(blocking_1) (0/288) CUDA_VISIBLE_DEVICES=1 python train_addr.py --dataset=poa --model_name=MyBasicNei --sigma=3 --sigma2=0.05 --use_latlon --use_sinsinoidal --use_poiprox
(blocking_1) (0/287) CUDA_VISIBLE_DEVICES=1 python train_addr.py --dataset=kc --model_name=MyBasicNei --sigma=3 --sigma2=0.05 --use_latlon --use_sinsinoidal --use_poiprox
(blocking_2) (0/286) CUDA_VISIBLE_DEVICES=2 python train_addr.py --dataset=sp --model_name=MyBasicNei --sigma=3 --sigma2=0.05 --use_latlon --use_sinsinoidal --use_poiprox
(blocking_3) (0/285) CUDA_VISIBLE_DEVICES=3 python train_addr.py --dataset=fc --model_name=MyBasicNei --sigma=3 --sigma2=0.05 --use_latlon --use_sinsinoidal --use_poiprox
(blocking_1) (0/284) CUDA_VISIBLE_DEVICES=1 python train_addr.py --dataset=poa --model_name=MyBasicNei --sigma=3 --sigma2=0.02 --use_latlon --use_sinsinoidal --use_poiprox
(blocking_0) (0/283) CUDA_VISIBLE_DEVICES=0 python train_addr.py --dataset=kc --model_name=MyBasicNei --sigma=3 --sigma2=0.02 --use_latlon --use_sinsinoidal --use_poiprox
(blocking_1) (0/282) CUDA_VISIBLE_DEVICES=1 python train_addr.py --dataset=sp --model_name=MyBasicNei --sigma=3 --sigma2=0.02 --use_latlon --use_sinsinoidal --use_poiprox
(blocking_2) (0/281) CUDA_VISIBLE_DEVICES=2 python train_addr.py --dataset=fc --model_name=MyBasicNei --sigma=3 --sigma2=0.02 --use_latlon --use_sinsinoidal --use_poiprox
(blocking_0) (0/280) CUDA_VISIBLE_DEVICES=0 python train_addr.py --dataset=poa --model_name=MyBasicNei --sigma=3 --sigma2=0.2 --use_latlon --use_sinsinoidal --use_poiprox
(blocking_0) (0/279) CUDA_VISIBLE_DEVICES=0 python train_addr.py --dataset=kc --model_name=MyBasicNei --sigma=3 --sigma2=0.2 --use_latlon --use_sinsinoidal --use_poiprox
(blocking_3) (0/278) CUDA_VISIBLE_DEVICES=3 python train_addr.py --dataset=sp --model_name=MyBasicNei --sigma=3 --sigma2=0.2 --use_latlon --use_sinsinoidal --use_poiprox
(blocking_1) (0/277) CUDA_VISIBLE_DEVICES=1 python train_addr.py --dataset=fc --model_name=MyBasicNei --sigma=3 --sigma2=0.2 --use_latlon --use_sinsinoidal --use_poiprox
(blocking_0) (0/276) CUDA_VISIBLE_DEVICES=0 python train_addr.py --dataset=poa --model_name=MyBasicNei --sigma=3 --sigma2=2 --use_latlon --use_sinsinoidal --use_poiprox
(blocking_2) (0/275) CUDA_VISIBLE_DEVICES=2 python train_addr.py --dataset=kc --model_name=MyBasicNei --sigma=3 --sigma2=2 --use_latlon --use_sinsinoidal --use_poiprox
(blocking_0) (0/274) CUDA_VISIBLE_DEVICES=0 python train_addr.py --dataset=sp --model_name=MyBasicNei --sigma=3 --sigma2=2 --use_latlon --use_sinsinoidal --use_poiprox
(blocking_2) (0/273) CUDA_VISIBLE_DEVICES=2 python train_addr.py --dataset=fc --model_name=MyBasicNei --sigma=3 --sigma2=2 --use_latlon --use_sinsinoidal --use_poiprox
(blocking_3) (0/272) CUDA_VISIBLE_DEVICES=3 python train_addr.py --dataset=poa --model_name=MyBasicNei --sigma=5 --sigma2=0.05 --use_latlon --use_sinsinoidal --use_poiprox
(blocking_1) (0/271) CUDA_VISIBLE_DEVICES=1 python train_addr.py --dataset=kc --model_name=MyBasicNei --sigma=5 --sigma2=0.05 --use_latlon --use_sinsinoidal --use_poiprox
(blocking_3) (0/270) CUDA_VISIBLE_DEVICES=3 python train_addr.py --dataset=sp --model_name=MyBasicNei --sigma=5 --sigma2=0.05 --use_latlon --use_sinsinoidal --use_poiprox
(blocking_0) (0/269) CUDA_VISIBLE_DEVICES=0 python train_addr.py --dataset=fc --model_name=MyBasicNei --sigma=5 --sigma2=0.05 --use_latlon --use_sinsinoidal --use_poiprox
(blocking_1) (0/268) CUDA_VISIBLE_DEVICES=1 python train_addr.py --dataset=poa --model_name=MyBasicNei --sigma=5 --sigma2=0.02 --use_latlon --use_sinsinoidal --use_poiprox
(blocking_1) (0/267) CUDA_VISIBLE_DEVICES=1 python train_addr.py --dataset=kc --model_name=MyBasicNei --sigma=5 --sigma2=0.02 --use_latlon --use_sinsinoidal --use_poiprox
(blocking_2) (0/266) CUDA_VISIBLE_DEVICES=2 python train_addr.py --dataset=sp --model_name=MyBasicNei --sigma=5 --sigma2=0.02 --use_latlon --use_sinsinoidal --use_poiprox
(blocking_1) (0/265) CUDA_VISIBLE_DEVICES=1 python train_addr.py --dataset=fc --model_name=MyBasicNei --sigma=5 --sigma2=0.02 --use_latlon --use_sinsinoidal --use_poiprox
(blocking_3) (0/264) CUDA_VISIBLE_DEVICES=3 python train_addr.py --dataset=poa --model_name=MyBasicNei --sigma=5 --sigma2=0.2 --use_latlon --use_sinsinoidal --use_poiprox
(blocking_0) (0/263) CUDA_VISIBLE_DEVICES=0 python train_addr.py --dataset=kc --model_name=MyBasicNei --sigma=5 --sigma2=0.2 --use_latlon --use_sinsinoidal --use_poiprox
(blocking_3) (0/262) CUDA_VISIBLE_DEVICES=3 python train_addr.py --dataset=sp --model_name=MyBasicNei --sigma=5 --sigma2=0.2 --use_latlon --use_sinsinoidal --use_poiprox
(blocking_0) (0/261) CUDA_VISIBLE_DEVICES=0 python train_addr.py --dataset=fc --model_name=MyBasicNei --sigma=5 --sigma2=0.2 --use_latlon --use_sinsinoidal --use_poiprox
(blocking_2) (0/260) CUDA_VISIBLE_DEVICES=2 python train_addr.py --dataset=poa --model_name=MyBasicNei --sigma=5 --sigma2=2 --use_latlon --use_sinsinoidal --use_poiprox
(blocking_2) (0/259) CUDA_VISIBLE_DEVICES=2 python train_addr.py --dataset=kc --model_name=MyBasicNei --sigma=5 --sigma2=2 --use_latlon --use_sinsinoidal --use_poiprox
(blocking_3) (0/258) CUDA_VISIBLE_DEVICES=3 python train_addr.py --dataset=sp --model_name=MyBasicNei --sigma=5 --sigma2=2 --use_latlon --use_sinsinoidal --use_poiprox
(blocking_1) (0/257) CUDA_VISIBLE_DEVICES=1 python train_addr.py --dataset=fc --model_name=MyBasicNei --sigma=5 --sigma2=2 --use_latlon --use_sinsinoidal --use_poiprox
(blocking_0) (0/256) CUDA_VISIBLE_DEVICES=0 python train_addr.py --dataset=poa --model_name=MyBasicNei --sigma=10 --sigma2=0.05 --use_latlon --use_sinsinoidal --use_poiprox
(blocking_2) (0/255) CUDA_VISIBLE_DEVICES=2 python train_addr.py --dataset=kc --model_name=MyBasicNei --sigma=10 --sigma2=0.05 --use_latlon --use_sinsinoidal --use_poiprox
(blocking_0) (0/254) CUDA_VISIBLE_DEVICES=0 python train_addr.py --dataset=sp --model_name=MyBasicNei --sigma=10 --sigma2=0.05 --use_latlon --use_sinsinoidal --use_poiprox
(blocking_2) (0/253) CUDA_VISIBLE_DEVICES=2 python train_addr.py --dataset=fc --model_name=MyBasicNei --sigma=10 --sigma2=0.05 --use_latlon --use_sinsinoidal --use_poiprox
(blocking_1) (0/252) CUDA_VISIBLE_DEVICES=1 python train_addr.py --dataset=poa --model_name=MyBasicNei --sigma=10 --sigma2=0.02 --use_latlon --use_sinsinoidal --use_poiprox
(blocking_3) (0/251) CUDA_VISIBLE_DEVICES=3 python train_addr.py --dataset=kc --model_name=MyBasicNei --sigma=10 --sigma2=0.02 --use_latlon --use_sinsinoidal --use_poiprox
(blocking_1) (0/250) CUDA_VISIBLE_DEVICES=1 python train_addr.py --dataset=sp --model_name=MyBasicNei --sigma=10 --sigma2=0.02 --use_latlon --use_sinsinoidal --use_poiprox
(blocking_3) (0/249) CUDA_VISIBLE_DEVICES=3 python train_addr.py --dataset=fc --model_name=MyBasicNei --sigma=10 --sigma2=0.02 --use_latlon --use_sinsinoidal --use_poiprox
(blocking_0) (0/248) CUDA_VISIBLE_DEVICES=0 python train_addr.py --dataset=poa --model_name=MyBasicNei --sigma=10 --sigma2=0.2 --use_latlon --use_sinsinoidal --use_poiprox
(blocking_0) (0/247) CUDA_VISIBLE_DEVICES=0 python train_addr.py --dataset=kc --model_name=MyBasicNei --sigma=10 --sigma2=0.2 --use_latlon --use_sinsinoidal --use_poiprox
(blocking_2) (0/246) CUDA_VISIBLE_DEVICES=2 python train_addr.py --dataset=sp --model_name=MyBasicNei --sigma=10 --sigma2=0.2 --use_latlon --use_sinsinoidal --use_poiprox
(blocking_0) (0/245) CUDA_VISIBLE_DEVICES=0 python train_addr.py --dataset=fc --model_name=MyBasicNei --sigma=10 --sigma2=0.2 --use_latlon --use_sinsinoidal --use_poiprox
(blocking_1) (0/244) CUDA_VISIBLE_DEVICES=1 python train_addr.py --dataset=poa --model_name=MyBasicNei --sigma=10 --sigma2=2 --use_latlon --use_sinsinoidal --use_poiprox
(blocking_3) (0/243) CUDA_VISIBLE_DEVICES=3 python train_addr.py --dataset=kc --model_name=MyBasicNei --sigma=10 --sigma2=2 --use_latlon --use_sinsinoidal --use_poiprox
(blocking_1) (0/242) CUDA_VISIBLE_DEVICES=1 python train_addr.py --dataset=sp --model_name=MyBasicNei --sigma=10 --sigma2=2 --use_latlon --use_sinsinoidal --use_poiprox
(blocking_3) (0/241) CUDA_VISIBLE_DEVICES=3 python train_addr.py --dataset=fc --model_name=MyBasicNei --sigma=10 --sigma2=2 --use_latlon --use_sinsinoidal --use_poiprox
(blocking_2) (0/240) CUDA_VISIBLE_DEVICES=2 python train_addr.py --dataset=poa --model_name=MyBasicNei --sigma=20 --sigma2=0.05 --use_latlon --use_sinsinoidal --use_poiprox
(blocking_2) (0/239) CUDA_VISIBLE_DEVICES=2 python train_addr.py --dataset=kc --model_name=MyBasicNei --sigma=20 --sigma2=0.05 --use_latlon --use_sinsinoidal --use_poiprox
(blocking_0) (0/238) CUDA_VISIBLE_DEVICES=0 python train_addr.py --dataset=sp --model_name=MyBasicNei --sigma=20 --sigma2=0.05 --use_latlon --use_sinsinoidal --use_poiprox
(blocking_2) (0/237) CUDA_VISIBLE_DEVICES=2 python train_addr.py --dataset=fc --model_name=MyBasicNei --sigma=20 --sigma2=0.05 --use_latlon --use_sinsinoidal --use_poiprox
(blocking_1) (0/236) CUDA_VISIBLE_DEVICES=1 python train_addr.py --dataset=poa --model_name=MyBasicNei --sigma=20 --sigma2=0.02 --use_latlon --use_sinsinoidal --use_poiprox
(blocking_3) (0/235) CUDA_VISIBLE_DEVICES=3 python train_addr.py --dataset=kc --model_name=MyBasicNei --sigma=20 --sigma2=0.02 --use_latlon --use_sinsinoidal --use_poiprox
(blocking_1) (0/234) CUDA_VISIBLE_DEVICES=1 python train_addr.py --dataset=sp --model_name=MyBasicNei --sigma=20 --sigma2=0.02 --use_latlon --use_sinsinoidal --use_poiprox
(blocking_3) (0/233) CUDA_VISIBLE_DEVICES=3 python train_addr.py --dataset=fc --model_name=MyBasicNei --sigma=20 --sigma2=0.02 --use_latlon --use_sinsinoidal --use_poiprox
(blocking_0) (0/232) CUDA_VISIBLE_DEVICES=0 python train_addr.py --dataset=poa --model_name=MyBasicNei --sigma=20 --sigma2=0.2 --use_latlon --use_sinsinoidal --use_poiprox
(blocking_2) (0/231) CUDA_VISIBLE_DEVICES=2 python train_addr.py --dataset=kc --model_name=MyBasicNei --sigma=20 --sigma2=0.2 --use_latlon --use_sinsinoidal --use_poiprox
(blocking_0) (0/230) CUDA_VISIBLE_DEVICES=0 python train_addr.py --dataset=sp --model_name=MyBasicNei --sigma=20 --sigma2=0.2 --use_latlon --use_sinsinoidal --use_poiprox
(blocking_2) (0/229) CUDA_VISIBLE_DEVICES=2 python train_addr.py --dataset=fc --model_name=MyBasicNei --sigma=20 --sigma2=0.2 --use_latlon --use_sinsinoidal --use_poiprox
(blocking_1) (0/228) CUDA_VISIBLE_DEVICES=1 python train_addr.py --dataset=poa --model_name=MyBasicNei --sigma=20 --sigma2=2 --use_latlon --use_sinsinoidal --use_poiprox
(blocking_3) (0/227) CUDA_VISIBLE_DEVICES=3 python train_addr.py --dataset=kc --model_name=MyBasicNei --sigma=20 --sigma2=2 --use_latlon --use_sinsinoidal --use_poiprox
(blocking_1) (0/226) CUDA_VISIBLE_DEVICES=1 python train_addr.py --dataset=sp --model_name=MyBasicNei --sigma=20 --sigma2=2 --use_latlon --use_sinsinoidal --use_poiprox
(blocking_3) (0/225) CUDA_VISIBLE_DEVICES=3 python train_addr.py --dataset=fc --model_name=MyBasicNei --sigma=20 --sigma2=2 --use_latlon --use_sinsinoidal --use_poiprox
(blocking_0) (0/224) CUDA_VISIBLE_DEVICES=0 python train_addr.py --dataset=poa --model_name=MyBasicNei --sigma=0.02 --sigma2=0.05 --use_latlon --use_sinsinoidal
(blocking_0) (0/223) CUDA_VISIBLE_DEVICES=0 python train_addr.py --dataset=kc --model_name=MyBasicNei --sigma=0.02 --sigma2=0.05 --use_latlon --use_sinsinoidal
(blocking_2) (0/222) CUDA_VISIBLE_DEVICES=2 python train_addr.py --dataset=sp --model_name=MyBasicNei --sigma=0.02 --sigma2=0.05 --use_latlon --use_sinsinoidal
(blocking_1) (0/221) CUDA_VISIBLE_DEVICES=1 python train_addr.py --dataset=fc --model_name=MyBasicNei --sigma=0.02 --sigma2=0.05 --use_latlon --use_sinsinoidal
(blocking_0) (0/220) CUDA_VISIBLE_DEVICES=0 python train_addr.py --dataset=poa --model_name=MyBasicNei --sigma=0.02 --sigma2=0.02 --use_latlon --use_sinsinoidal
(blocking_3) (0/219) CUDA_VISIBLE_DEVICES=3 python train_addr.py --dataset=kc --model_name=MyBasicNei --sigma=0.02 --sigma2=0.02 --use_latlon --use_sinsinoidal
(blocking_0) (0/218) CUDA_VISIBLE_DEVICES=0 python train_addr.py --dataset=sp --model_name=MyBasicNei --sigma=0.02 --sigma2=0.02 --use_latlon --use_sinsinoidal
(blocking_3) (0/217) CUDA_VISIBLE_DEVICES=3 python train_addr.py --dataset=fc --model_name=MyBasicNei --sigma=0.02 --sigma2=0.02 --use_latlon --use_sinsinoidal
(blocking_2) (0/216) CUDA_VISIBLE_DEVICES=2 python train_addr.py --dataset=poa --model_name=MyBasicNei --sigma=0.02 --sigma2=0.2 --use_latlon --use_sinsinoidal
(blocking_1) (0/215) CUDA_VISIBLE_DEVICES=1 python train_addr.py --dataset=kc --model_name=MyBasicNei --sigma=0.02 --sigma2=0.2 --use_latlon --use_sinsinoidal
(blocking_0) (0/214) CUDA_VISIBLE_DEVICES=0 python train_addr.py --dataset=sp --model_name=MyBasicNei --sigma=0.02 --sigma2=0.2 --use_latlon --use_sinsinoidal
(blocking_2) (0/213) CUDA_VISIBLE_DEVICES=2 python train_addr.py --dataset=fc --model_name=MyBasicNei --sigma=0.02 --sigma2=0.2 --use_latlon --use_sinsinoidal
(blocking_1) (0/212) CUDA_VISIBLE_DEVICES=1 python train_addr.py --dataset=poa --model_name=MyBasicNei --sigma=0.02 --sigma2=2 --use_latlon --use_sinsinoidal
(blocking_1) (0/211) CUDA_VISIBLE_DEVICES=1 python train_addr.py --dataset=kc --model_name=MyBasicNei --sigma=0.02 --sigma2=2 --use_latlon --use_sinsinoidal
(blocking_3) (0/210) CUDA_VISIBLE_DEVICES=3 python train_addr.py --dataset=sp --model_name=MyBasicNei --sigma=0.02 --sigma2=2 --use_latlon --use_sinsinoidal
(blocking_0) (0/209) CUDA_VISIBLE_DEVICES=0 python train_addr.py --dataset=fc --model_name=MyBasicNei --sigma=0.02 --sigma2=2 --use_latlon --use_sinsinoidal
(blocking_1) (0/208) CUDA_VISIBLE_DEVICES=1 python train_addr.py --dataset=poa --model_name=MyBasicNei --sigma=0.01 --sigma2=0.05 --use_latlon --use_sinsinoidal
(blocking_2) (0/207) CUDA_VISIBLE_DEVICES=2 python train_addr.py --dataset=kc --model_name=MyBasicNei --sigma=0.01 --sigma2=0.05 --use_latlon --use_sinsinoidal
(blocking_1) (0/206) CUDA_VISIBLE_DEVICES=1 python train_addr.py --dataset=sp --model_name=MyBasicNei --sigma=0.01 --sigma2=0.05 --use_latlon --use_sinsinoidal
(blocking_2) (0/205) CUDA_VISIBLE_DEVICES=2 python train_addr.py --dataset=fc --model_name=MyBasicNei --sigma=0.01 --sigma2=0.05 --use_latlon --use_sinsinoidal
(blocking_3) (0/204) CUDA_VISIBLE_DEVICES=3 python train_addr.py --dataset=poa --model_name=MyBasicNei --sigma=0.01 --sigma2=0.02 --use_latlon --use_sinsinoidal
(blocking_3) (0/203) CUDA_VISIBLE_DEVICES=3 python train_addr.py --dataset=kc --model_name=MyBasicNei --sigma=0.01 --sigma2=0.02 --use_latlon --use_sinsinoidal
(blocking_0) (0/202) CUDA_VISIBLE_DEVICES=0 python train_addr.py --dataset=sp --model_name=MyBasicNei --sigma=0.01 --sigma2=0.02 --use_latlon --use_sinsinoidal
(blocking_1) (0/201) CUDA_VISIBLE_DEVICES=1 python train_addr.py --dataset=fc --model_name=MyBasicNei --sigma=0.01 --sigma2=0.02 --use_latlon --use_sinsinoidal
(blocking_3) (0/200) CUDA_VISIBLE_DEVICES=3 python train_addr.py --dataset=poa --model_name=MyBasicNei --sigma=0.01 --sigma2=0.2 --use_latlon --use_sinsinoidal
(blocking_2) (0/199) CUDA_VISIBLE_DEVICES=2 python train_addr.py --dataset=kc --model_name=MyBasicNei --sigma=0.01 --sigma2=0.2 --use_latlon --use_sinsinoidal
(blocking_3) (0/198) CUDA_VISIBLE_DEVICES=3 python train_addr.py --dataset=sp --model_name=MyBasicNei --sigma=0.01 --sigma2=0.2 --use_latlon --use_sinsinoidal
(blocking_0) (0/197) CUDA_VISIBLE_DEVICES=0 python train_addr.py --dataset=fc --model_name=MyBasicNei --sigma=0.01 --sigma2=0.2 --use_latlon --use_sinsinoidal
(blocking_2) (0/196) CUDA_VISIBLE_DEVICES=2 python train_addr.py --dataset=poa --model_name=MyBasicNei --sigma=0.01 --sigma2=2 --use_latlon --use_sinsinoidal
(blocking_2) (0/195) CUDA_VISIBLE_DEVICES=2 python train_addr.py --dataset=kc --model_name=MyBasicNei --sigma=0.01 --sigma2=2 --use_latlon --use_sinsinoidal
(blocking_3) (0/194) CUDA_VISIBLE_DEVICES=3 python train_addr.py --dataset=sp --model_name=MyBasicNei --sigma=0.01 --sigma2=2 --use_latlon --use_sinsinoidal
(blocking_1) (0/193) CUDA_VISIBLE_DEVICES=1 python train_addr.py --dataset=fc --model_name=MyBasicNei --sigma=0.01 --sigma2=2 --use_latlon --use_sinsinoidal
(blocking_2) (0/192) CUDA_VISIBLE_DEVICES=2 python train_addr.py --dataset=poa --model_name=MyBasicNei --sigma=0.03 --sigma2=0.05 --use_latlon --use_sinsinoidal
(blocking_0) (0/191) CUDA_VISIBLE_DEVICES=0 python train_addr.py --dataset=kc --model_name=MyBasicNei --sigma=0.03 --sigma2=0.05 --use_latlon --use_sinsinoidal
(blocking_2) (0/190) CUDA_VISIBLE_DEVICES=2 python train_addr.py --dataset=sp --model_name=MyBasicNei --sigma=0.03 --sigma2=0.05 --use_latlon --use_sinsinoidal
(blocking_0) (0/189) CUDA_VISIBLE_DEVICES=0 python train_addr.py --dataset=fc --model_name=MyBasicNei --sigma=0.03 --sigma2=0.05 --use_latlon --use_sinsinoidal
(blocking_3) (0/188) CUDA_VISIBLE_DEVICES=3 python train_addr.py --dataset=poa --model_name=MyBasicNei --sigma=0.03 --sigma2=0.02 --use_latlon --use_sinsinoidal
(blocking_1) (0/187) CUDA_VISIBLE_DEVICES=1 python train_addr.py --dataset=kc --model_name=MyBasicNei --sigma=0.03 --sigma2=0.02 --use_latlon --use_sinsinoidal
(blocking_3) (0/186) CUDA_VISIBLE_DEVICES=3 python train_addr.py --dataset=sp --model_name=MyBasicNei --sigma=0.03 --sigma2=0.02 --use_latlon --use_sinsinoidal
(blocking_1) (0/185) CUDA_VISIBLE_DEVICES=1 python train_addr.py --dataset=fc --model_name=MyBasicNei --sigma=0.03 --sigma2=0.02 --use_latlon --use_sinsinoidal
(blocking_2) (0/184) CUDA_VISIBLE_DEVICES=2 python train_addr.py --dataset=poa --model_name=MyBasicNei --sigma=0.03 --sigma2=0.2 --use_latlon --use_sinsinoidal
(blocking_0) (0/183) CUDA_VISIBLE_DEVICES=0 python train_addr.py --dataset=kc --model_name=MyBasicNei --sigma=0.03 --sigma2=0.2 --use_latlon --use_sinsinoidal
(blocking_0) (0/182) CUDA_VISIBLE_DEVICES=0 python train_addr.py --dataset=sp --model_name=MyBasicNei --sigma=0.03 --sigma2=0.2 --use_latlon --use_sinsinoidal
(blocking_2) (0/181) CUDA_VISIBLE_DEVICES=2 python train_addr.py --dataset=fc --model_name=MyBasicNei --sigma=0.03 --sigma2=0.2 --use_latlon --use_sinsinoidal
(blocking_3) (0/180) CUDA_VISIBLE_DEVICES=3 python train_addr.py --dataset=poa --model_name=MyBasicNei --sigma=0.03 --sigma2=2 --use_latlon --use_sinsinoidal
(blocking_1) (0/179) CUDA_VISIBLE_DEVICES=1 python train_addr.py --dataset=kc --model_name=MyBasicNei --sigma=0.03 --sigma2=2 --use_latlon --use_sinsinoidal
(blocking_3) (0/178) CUDA_VISIBLE_DEVICES=3 python train_addr.py --dataset=sp --model_name=MyBasicNei --sigma=0.03 --sigma2=2 --use_latlon --use_sinsinoidal
(blocking_2) (0/177) CUDA_VISIBLE_DEVICES=2 python train_addr.py --dataset=fc --model_name=MyBasicNei --sigma=0.03 --sigma2=2 --use_latlon --use_sinsinoidal
(blocking_0) (0/176) CUDA_VISIBLE_DEVICES=0 python train_addr.py --dataset=poa --model_name=MyBasicNei --sigma=0.05 --sigma2=0.05 --use_latlon --use_sinsinoidal
(blocking_1) (0/175) CUDA_VISIBLE_DEVICES=1 python train_addr.py --dataset=kc --model_name=MyBasicNei --sigma=0.05 --sigma2=0.05 --use_latlon --use_sinsinoidal
(blocking_0) (0/174) CUDA_VISIBLE_DEVICES=0 python train_addr.py --dataset=sp --model_name=MyBasicNei --sigma=0.05 --sigma2=0.05 --use_latlon --use_sinsinoidal
(blocking_1) (0/173) CUDA_VISIBLE_DEVICES=1 python train_addr.py --dataset=fc --model_name=MyBasicNei --sigma=0.05 --sigma2=0.05 --use_latlon --use_sinsinoidal
(blocking_2) (0/172) CUDA_VISIBLE_DEVICES=2 python train_addr.py --dataset=poa --model_name=MyBasicNei --sigma=0.05 --sigma2=0.02 --use_latlon --use_sinsinoidal
(blocking_3) (0/171) CUDA_VISIBLE_DEVICES=3 python train_addr.py --dataset=kc --model_name=MyBasicNei --sigma=0.05 --sigma2=0.02 --use_latlon --use_sinsinoidal
(blocking_2) (0/170) CUDA_VISIBLE_DEVICES=2 python train_addr.py --dataset=sp --model_name=MyBasicNei --sigma=0.05 --sigma2=0.02 --use_latlon --use_sinsinoidal
(blocking_3) (0/169) CUDA_VISIBLE_DEVICES=3 python train_addr.py --dataset=fc --model_name=MyBasicNei --sigma=0.05 --sigma2=0.02 --use_latlon --use_sinsinoidal
(blocking_0) (0/168) CUDA_VISIBLE_DEVICES=0 python train_addr.py --dataset=poa --model_name=MyBasicNei --sigma=0.05 --sigma2=0.2 --use_latlon --use_sinsinoidal
(blocking_1) (0/167) CUDA_VISIBLE_DEVICES=1 python train_addr.py --dataset=kc --model_name=MyBasicNei --sigma=0.05 --sigma2=0.2 --use_latlon --use_sinsinoidal
(blocking_1) (0/166) CUDA_VISIBLE_DEVICES=1 python train_addr.py --dataset=sp --model_name=MyBasicNei --sigma=0.05 --sigma2=0.2 --use_latlon --use_sinsinoidal
(blocking_0) (0/165) CUDA_VISIBLE_DEVICES=0 python train_addr.py --dataset=fc --model_name=MyBasicNei --sigma=0.05 --sigma2=0.2 --use_latlon --use_sinsinoidal
(blocking_3) (0/164) CUDA_VISIBLE_DEVICES=3 python train_addr.py --dataset=poa --model_name=MyBasicNei --sigma=0.05 --sigma2=2 --use_latlon --use_sinsinoidal
(blocking_2) (0/163) CUDA_VISIBLE_DEVICES=2 python train_addr.py --dataset=kc --model_name=MyBasicNei --sigma=0.05 --sigma2=2 --use_latlon --use_sinsinoidal
(blocking_3) (0/162) CUDA_VISIBLE_DEVICES=3 python train_addr.py --dataset=sp --model_name=MyBasicNei --sigma=0.05 --sigma2=2 --use_latlon --use_sinsinoidal
(blocking_0) (0/161) CUDA_VISIBLE_DEVICES=0 python train_addr.py --dataset=fc --model_name=MyBasicNei --sigma=0.05 --sigma2=2 --use_latlon --use_sinsinoidal
(blocking_2) (0/160) CUDA_VISIBLE_DEVICES=2 python train_addr.py --dataset=poa --model_name=MyBasicNei --sigma=0.1 --sigma2=0.05 --use_latlon --use_sinsinoidal
(blocking_1) (0/159) CUDA_VISIBLE_DEVICES=1 python train_addr.py --dataset=kc --model_name=MyBasicNei --sigma=0.1 --sigma2=0.05 --use_latlon --use_sinsinoidal
(blocking_1) (0/158) CUDA_VISIBLE_DEVICES=1 python train_addr.py --dataset=sp --model_name=MyBasicNei --sigma=0.1 --sigma2=0.05 --use_latlon --use_sinsinoidal
(blocking_2) (0/157) CUDA_VISIBLE_DEVICES=2 python train_addr.py --dataset=fc --model_name=MyBasicNei --sigma=0.1 --sigma2=0.05 --use_latlon --use_sinsinoidal
(blocking_0) (0/156) CUDA_VISIBLE_DEVICES=0 python train_addr.py --dataset=poa --model_name=MyBasicNei --sigma=0.1 --sigma2=0.02 --use_latlon --use_sinsinoidal
(blocking_3) (0/155) CUDA_VISIBLE_DEVICES=3 python train_addr.py --dataset=kc --model_name=MyBasicNei --sigma=0.1 --sigma2=0.02 --use_latlon --use_sinsinoidal
(blocking_0) (0/154) CUDA_VISIBLE_DEVICES=0 python train_addr.py --dataset=sp --model_name=MyBasicNei --sigma=0.1 --sigma2=0.02 --use_latlon --use_sinsinoidal
(blocking_3) (0/153) CUDA_VISIBLE_DEVICES=3 python train_addr.py --dataset=fc --model_name=MyBasicNei --sigma=0.1 --sigma2=0.02 --use_latlon --use_sinsinoidal
(blocking_1) (0/152) CUDA_VISIBLE_DEVICES=1 python train_addr.py --dataset=poa --model_name=MyBasicNei --sigma=0.1 --sigma2=0.2 --use_latlon --use_sinsinoidal
(blocking_2) (0/151) CUDA_VISIBLE_DEVICES=2 python train_addr.py --dataset=kc --model_name=MyBasicNei --sigma=0.1 --sigma2=0.2 --use_latlon --use_sinsinoidal
(blocking_1) (0/150) CUDA_VISIBLE_DEVICES=1 python train_addr.py --dataset=sp --model_name=MyBasicNei --sigma=0.1 --sigma2=0.2 --use_latlon --use_sinsinoidal
(blocking_2) (0/149) CUDA_VISIBLE_DEVICES=2 python train_addr.py --dataset=fc --model_name=MyBasicNei --sigma=0.1 --sigma2=0.2 --use_latlon --use_sinsinoidal
(blocking_0) (0/148) CUDA_VISIBLE_DEVICES=0 python train_addr.py --dataset=poa --model_name=MyBasicNei --sigma=0.1 --sigma2=2 --use_latlon --use_sinsinoidal
(blocking_3) (0/147) CUDA_VISIBLE_DEVICES=3 python train_addr.py --dataset=kc --model_name=MyBasicNei --sigma=0.1 --sigma2=2 --use_latlon --use_sinsinoidal
(blocking_1) (0/146) CUDA_VISIBLE_DEVICES=1 python train_addr.py --dataset=sp --model_name=MyBasicNei --sigma=0.1 --sigma2=2 --use_latlon --use_sinsinoidal
(blocking_0) (0/145) CUDA_VISIBLE_DEVICES=0 python train_addr.py --dataset=fc --model_name=MyBasicNei --sigma=0.1 --sigma2=2 --use_latlon --use_sinsinoidal
(blocking_2) (0/144) CUDA_VISIBLE_DEVICES=2 python train_addr.py --dataset=poa --model_name=MyBasicNei --sigma=0.2 --sigma2=0.05 --use_latlon --use_sinsinoidal
(blocking_3) (0/143) CUDA_VISIBLE_DEVICES=3 python train_addr.py --dataset=kc --model_name=MyBasicNei --sigma=0.2 --sigma2=0.05 --use_latlon --use_sinsinoidal
(blocking_2) (0/142) CUDA_VISIBLE_DEVICES=2 python train_addr.py --dataset=sp --model_name=MyBasicNei --sigma=0.2 --sigma2=0.05 --use_latlon --use_sinsinoidal
(blocking_3) (0/141) CUDA_VISIBLE_DEVICES=3 python train_addr.py --dataset=fc --model_name=MyBasicNei --sigma=0.2 --sigma2=0.05 --use_latlon --use_sinsinoidal
(blocking_1) (0/140) CUDA_VISIBLE_DEVICES=1 python train_addr.py --dataset=poa --model_name=MyBasicNei --sigma=0.2 --sigma2=0.02 --use_latlon --use_sinsinoidal
(blocking_0) (0/139) CUDA_VISIBLE_DEVICES=0 python train_addr.py --dataset=kc --model_name=MyBasicNei --sigma=0.2 --sigma2=0.02 --use_latlon --use_sinsinoidal
(blocking_1) (0/138) CUDA_VISIBLE_DEVICES=1 python train_addr.py --dataset=sp --model_name=MyBasicNei --sigma=0.2 --sigma2=0.02 --use_latlon --use_sinsinoidal
(blocking_2) (0/137) CUDA_VISIBLE_DEVICES=2 python train_addr.py --dataset=fc --model_name=MyBasicNei --sigma=0.2 --sigma2=0.02 --use_latlon --use_sinsinoidal
(blocking_0) (0/136) CUDA_VISIBLE_DEVICES=0 python train_addr.py --dataset=poa --model_name=MyBasicNei --sigma=0.2 --sigma2=0.2 --use_latlon --use_sinsinoidal
(blocking_3) (0/135) CUDA_VISIBLE_DEVICES=3 python train_addr.py --dataset=kc --model_name=MyBasicNei --sigma=0.2 --sigma2=0.2 --use_latlon --use_sinsinoidal
(blocking_0) (0/134) CUDA_VISIBLE_DEVICES=0 python train_addr.py --dataset=sp --model_name=MyBasicNei --sigma=0.2 --sigma2=0.2 --use_latlon --use_sinsinoidal
(blocking_3) (0/133) CUDA_VISIBLE_DEVICES=3 python train_addr.py --dataset=fc --model_name=MyBasicNei --sigma=0.2 --sigma2=0.2 --use_latlon --use_sinsinoidal
(blocking_1) (0/132) CUDA_VISIBLE_DEVICES=1 python train_addr.py --dataset=poa --model_name=MyBasicNei --sigma=0.2 --sigma2=2 --use_latlon --use_sinsinoidal
(blocking_2) (0/131) CUDA_VISIBLE_DEVICES=2 python train_addr.py --dataset=kc --model_name=MyBasicNei --sigma=0.2 --sigma2=2 --use_latlon --use_sinsinoidal
(blocking_1) (0/130) CUDA_VISIBLE_DEVICES=1 python train_addr.py --dataset=sp --model_name=MyBasicNei --sigma=0.2 --sigma2=2 --use_latlon --use_sinsinoidal
(blocking_2) (0/129) CUDA_VISIBLE_DEVICES=2 python train_addr.py --dataset=fc --model_name=MyBasicNei --sigma=0.2 --sigma2=2 --use_latlon --use_sinsinoidal
(blocking_3) (0/128) CUDA_VISIBLE_DEVICES=3 python train_addr.py --dataset=poa --model_name=MyBasicNei --sigma=0.3 --sigma2=0.05 --use_latlon --use_sinsinoidal
(blocking_0) (0/127) CUDA_VISIBLE_DEVICES=0 python train_addr.py --dataset=kc --model_name=MyBasicNei --sigma=0.3 --sigma2=0.05 --use_latlon --use_sinsinoidal
(blocking_3) (0/126) CUDA_VISIBLE_DEVICES=3 python train_addr.py --dataset=sp --model_name=MyBasicNei --sigma=0.3 --sigma2=0.05 --use_latlon --use_sinsinoidal
(blocking_2) (0/125) CUDA_VISIBLE_DEVICES=2 python train_addr.py --dataset=fc --model_name=MyBasicNei --sigma=0.3 --sigma2=0.05 --use_latlon --use_sinsinoidal
(blocking_1) (0/124) CUDA_VISIBLE_DEVICES=1 python train_addr.py --dataset=poa --model_name=MyBasicNei --sigma=0.3 --sigma2=0.02 --use_latlon --use_sinsinoidal
(blocking_0) (0/123) CUDA_VISIBLE_DEVICES=0 python train_addr.py --dataset=kc --model_name=MyBasicNei --sigma=0.3 --sigma2=0.02 --use_latlon --use_sinsinoidal
(blocking_1) (0/122) CUDA_VISIBLE_DEVICES=1 python train_addr.py --dataset=sp --model_name=MyBasicNei --sigma=0.3 --sigma2=0.02 --use_latlon --use_sinsinoidal
(blocking_0) (0/121) CUDA_VISIBLE_DEVICES=0 python train_addr.py --dataset=fc --model_name=MyBasicNei --sigma=0.3 --sigma2=0.02 --use_latlon --use_sinsinoidal
(blocking_3) (0/120) CUDA_VISIBLE_DEVICES=3 python train_addr.py --dataset=poa --model_name=MyBasicNei --sigma=0.3 --sigma2=0.2 --use_latlon --use_sinsinoidal
(blocking_2) (0/119) CUDA_VISIBLE_DEVICES=2 python train_addr.py --dataset=kc --model_name=MyBasicNei --sigma=0.3 --sigma2=0.2 --use_latlon --use_sinsinoidal
(blocking_3) (0/118) CUDA_VISIBLE_DEVICES=3 python train_addr.py --dataset=sp --model_name=MyBasicNei --sigma=0.3 --sigma2=0.2 --use_latlon --use_sinsinoidal
(blocking_1) (0/117) CUDA_VISIBLE_DEVICES=1 python train_addr.py --dataset=fc --model_name=MyBasicNei --sigma=0.3 --sigma2=0.2 --use_latlon --use_sinsinoidal
(blocking_0) (0/116) CUDA_VISIBLE_DEVICES=0 python train_addr.py --dataset=poa --model_name=MyBasicNei --sigma=0.3 --sigma2=2 --use_latlon --use_sinsinoidal
(blocking_2) (0/115) CUDA_VISIBLE_DEVICES=2 python train_addr.py --dataset=kc --model_name=MyBasicNei --sigma=0.3 --sigma2=2 --use_latlon --use_sinsinoidal
(blocking_0) (0/114) CUDA_VISIBLE_DEVICES=0 python train_addr.py --dataset=sp --model_name=MyBasicNei --sigma=0.3 --sigma2=2 --use_latlon --use_sinsinoidal
(blocking_2) (0/113) CUDA_VISIBLE_DEVICES=2 python train_addr.py --dataset=fc --model_name=MyBasicNei --sigma=0.3 --sigma2=2 --use_latlon --use_sinsinoidal
(blocking_3) (0/112) CUDA_VISIBLE_DEVICES=3 python train_addr.py --dataset=poa --model_name=MyBasicNei --sigma=0.5 --sigma2=0.05 --use_latlon --use_sinsinoidal
(blocking_1) (0/111) CUDA_VISIBLE_DEVICES=1 python train_addr.py --dataset=kc --model_name=MyBasicNei --sigma=0.5 --sigma2=0.05 --use_latlon --use_sinsinoidal
(blocking_3) (0/110) CUDA_VISIBLE_DEVICES=3 python train_addr.py --dataset=sp --model_name=MyBasicNei --sigma=0.5 --sigma2=0.05 --use_latlon --use_sinsinoidal
(blocking_0) (0/109) CUDA_VISIBLE_DEVICES=0 python train_addr.py --dataset=fc --model_name=MyBasicNei --sigma=0.5 --sigma2=0.05 --use_latlon --use_sinsinoidal
(blocking_1) (0/108) CUDA_VISIBLE_DEVICES=1 python train_addr.py --dataset=poa --model_name=MyBasicNei --sigma=0.5 --sigma2=0.02 --use_latlon --use_sinsinoidal
(blocking_2) (0/107) CUDA_VISIBLE_DEVICES=2 python train_addr.py --dataset=kc --model_name=MyBasicNei --sigma=0.5 --sigma2=0.02 --use_latlon --use_sinsinoidal
(blocking_1) (0/106) CUDA_VISIBLE_DEVICES=1 python train_addr.py --dataset=sp --model_name=MyBasicNei --sigma=0.5 --sigma2=0.02 --use_latlon --use_sinsinoidal
(blocking_2) (0/105) CUDA_VISIBLE_DEVICES=2 python train_addr.py --dataset=fc --model_name=MyBasicNei --sigma=0.5 --sigma2=0.02 --use_latlon --use_sinsinoidal
(blocking_0) (0/104) CUDA_VISIBLE_DEVICES=0 python train_addr.py --dataset=poa --model_name=MyBasicNei --sigma=0.5 --sigma2=0.2 --use_latlon --use_sinsinoidal
(blocking_3) (0/103) CUDA_VISIBLE_DEVICES=3 python train_addr.py --dataset=kc --model_name=MyBasicNei --sigma=0.5 --sigma2=0.2 --use_latlon --use_sinsinoidal
(blocking_1) (0/102) CUDA_VISIBLE_DEVICES=1 python train_addr.py --dataset=sp --model_name=MyBasicNei --sigma=0.5 --sigma2=0.2 --use_latlon --use_sinsinoidal
(blocking_0) (0/101) CUDA_VISIBLE_DEVICES=0 python train_addr.py --dataset=fc --model_name=MyBasicNei --sigma=0.5 --sigma2=0.2 --use_latlon --use_sinsinoidal
(blocking_3) (0/100) CUDA_VISIBLE_DEVICES=3 python train_addr.py --dataset=poa --model_name=MyBasicNei --sigma=0.5 --sigma2=2 --use_latlon --use_sinsinoidal
(blocking_2) (0/99) CUDA_VISIBLE_DEVICES=2 python train_addr.py --dataset=kc --model_name=MyBasicNei --sigma=0.5 --sigma2=2 --use_latlon --use_sinsinoidal
(blocking_3) (0/98) CUDA_VISIBLE_DEVICES=3 python train_addr.py --dataset=sp --model_name=MyBasicNei --sigma=0.5 --sigma2=2 --use_latlon --use_sinsinoidal
(blocking_2) (0/97) CUDA_VISIBLE_DEVICES=2 python train_addr.py --dataset=fc --model_name=MyBasicNei --sigma=0.5 --sigma2=2 --use_latlon --use_sinsinoidal
(blocking_1) (0/96) CUDA_VISIBLE_DEVICES=1 python train_addr.py --dataset=poa --model_name=MyBasicNei --sigma=1 --sigma2=0.05 --use_latlon --use_sinsinoidal
(blocking_0) (0/95) CUDA_VISIBLE_DEVICES=0 python train_addr.py --dataset=kc --model_name=MyBasicNei --sigma=1 --sigma2=0.05 --use_latlon --use_sinsinoidal
(blocking_1) (0/94) CUDA_VISIBLE_DEVICES=1 python train_addr.py --dataset=sp --model_name=MyBasicNei --sigma=1 --sigma2=0.05 --use_latlon --use_sinsinoidal
(blocking_3) (0/93) CUDA_VISIBLE_DEVICES=3 python train_addr.py --dataset=fc --model_name=MyBasicNei --sigma=1 --sigma2=0.05 --use_latlon --use_sinsinoidal
(blocking_0) (0/92) CUDA_VISIBLE_DEVICES=0 python train_addr.py --dataset=poa --model_name=MyBasicNei --sigma=1 --sigma2=0.02 --use_latlon --use_sinsinoidal
(blocking_2) (0/91) CUDA_VISIBLE_DEVICES=2 python train_addr.py --dataset=kc --model_name=MyBasicNei --sigma=1 --sigma2=0.02 --use_latlon --use_sinsinoidal
(blocking_0) (0/90) CUDA_VISIBLE_DEVICES=0 python train_addr.py --dataset=sp --model_name=MyBasicNei --sigma=1 --sigma2=0.02 --use_latlon --use_sinsinoidal
(blocking_1) (0/89) CUDA_VISIBLE_DEVICES=1 python train_addr.py --dataset=fc --model_name=MyBasicNei --sigma=1 --sigma2=0.02 --use_latlon --use_sinsinoidal
(blocking_2) (0/88) CUDA_VISIBLE_DEVICES=2 python train_addr.py --dataset=poa --model_name=MyBasicNei --sigma=1 --sigma2=0.2 --use_latlon --use_sinsinoidal
(blocking_2) (0/87) CUDA_VISIBLE_DEVICES=2 python train_addr.py --dataset=kc --model_name=MyBasicNei --sigma=1 --sigma2=0.2 --use_latlon --use_sinsinoidal
(blocking_3) (0/86) CUDA_VISIBLE_DEVICES=3 python train_addr.py --dataset=sp --model_name=MyBasicNei --sigma=1 --sigma2=0.2 --use_latlon --use_sinsinoidal
(blocking_0) (0/85) CUDA_VISIBLE_DEVICES=0 python train_addr.py --dataset=fc --model_name=MyBasicNei --sigma=1 --sigma2=0.2 --use_latlon --use_sinsinoidal
(blocking_2) (0/84) CUDA_VISIBLE_DEVICES=2 python train_addr.py --dataset=poa --model_name=MyBasicNei --sigma=1 --sigma2=2 --use_latlon --use_sinsinoidal
(blocking_1) (0/83) CUDA_VISIBLE_DEVICES=1 python train_addr.py --dataset=kc --model_name=MyBasicNei --sigma=1 --sigma2=2 --use_latlon --use_sinsinoidal
(blocking_2) (0/82) CUDA_VISIBLE_DEVICES=2 python train_addr.py --dataset=sp --model_name=MyBasicNei --sigma=1 --sigma2=2 --use_latlon --use_sinsinoidal
(blocking_1) (0/81) CUDA_VISIBLE_DEVICES=1 python train_addr.py --dataset=fc --model_name=MyBasicNei --sigma=1 --sigma2=2 --use_latlon --use_sinsinoidal
(blocking_3) (0/80) CUDA_VISIBLE_DEVICES=3 python train_addr.py --dataset=poa --model_name=MyBasicNei --sigma=2 --sigma2=0.05 --use_latlon --use_sinsinoidal
(blocking_0) (0/79) CUDA_VISIBLE_DEVICES=0 python train_addr.py --dataset=kc --model_name=MyBasicNei --sigma=2 --sigma2=0.05 --use_latlon --use_sinsinoidal
(blocking_3) (0/78) CUDA_VISIBLE_DEVICES=3 python train_addr.py --dataset=sp --model_name=MyBasicNei --sigma=2 --sigma2=0.05 --use_latlon --use_sinsinoidal
(blocking_1) (0/77) CUDA_VISIBLE_DEVICES=1 python train_addr.py --dataset=fc --model_name=MyBasicNei --sigma=2 --sigma2=0.05 --use_latlon --use_sinsinoidal
(blocking_2) (0/76) CUDA_VISIBLE_DEVICES=2 python train_addr.py --dataset=poa --model_name=MyBasicNei --sigma=2 --sigma2=0.02 --use_latlon --use_sinsinoidal
(blocking_0) (0/75) CUDA_VISIBLE_DEVICES=0 python train_addr.py --dataset=kc --model_name=MyBasicNei --sigma=2 --sigma2=0.02 --use_latlon --use_sinsinoidal
(blocking_2) (0/74) CUDA_VISIBLE_DEVICES=2 python train_addr.py --dataset=sp --model_name=MyBasicNei --sigma=2 --sigma2=0.02 --use_latlon --use_sinsinoidal
(blocking_0) (0/73) CUDA_VISIBLE_DEVICES=0 python train_addr.py --dataset=fc --model_name=MyBasicNei --sigma=2 --sigma2=0.02 --use_latlon --use_sinsinoidal
(blocking_3) (0/72) CUDA_VISIBLE_DEVICES=3 python train_addr.py --dataset=poa --model_name=MyBasicNei --sigma=2 --sigma2=0.2 --use_latlon --use_sinsinoidal
(blocking_1) (0/71) CUDA_VISIBLE_DEVICES=1 python train_addr.py --dataset=kc --model_name=MyBasicNei --sigma=2 --sigma2=0.2 --use_latlon --use_sinsinoidal
(blocking_3) (0/70) CUDA_VISIBLE_DEVICES=3 python train_addr.py --dataset=sp --model_name=MyBasicNei --sigma=2 --sigma2=0.2 --use_latlon --use_sinsinoidal
(blocking_1) (0/69) CUDA_VISIBLE_DEVICES=1 python train_addr.py --dataset=fc --model_name=MyBasicNei --sigma=2 --sigma2=0.2 --use_latlon --use_sinsinoidal
(blocking_2) (0/68) CUDA_VISIBLE_DEVICES=2 python train_addr.py --dataset=poa --model_name=MyBasicNei --sigma=2 --sigma2=2 --use_latlon --use_sinsinoidal
(blocking_0) (0/67) CUDA_VISIBLE_DEVICES=0 python train_addr.py --dataset=kc --model_name=MyBasicNei --sigma=2 --sigma2=2 --use_latlon --use_sinsinoidal
(blocking_2) (0/66) CUDA_VISIBLE_DEVICES=2 python train_addr.py --dataset=sp --model_name=MyBasicNei --sigma=2 --sigma2=2 --use_latlon --use_sinsinoidal
(blocking_0) (0/65) CUDA_VISIBLE_DEVICES=0 python train_addr.py --dataset=fc --model_name=MyBasicNei --sigma=2 --sigma2=2 --use_latlon --use_sinsinoidal
(blocking_3) (0/64) CUDA_VISIBLE_DEVICES=3 python train_addr.py --dataset=poa --model_name=MyBasicNei --sigma=3 --sigma2=0.05 --use_latlon --use_sinsinoidal
(blocking_3) (0/63) CUDA_VISIBLE_DEVICES=3 python train_addr.py --dataset=kc --model_name=MyBasicNei --sigma=3 --sigma2=0.05 --use_latlon --use_sinsinoidal
(blocking_1) (0/62) CUDA_VISIBLE_DEVICES=1 python train_addr.py --dataset=sp --model_name=MyBasicNei --sigma=3 --sigma2=0.05 --use_latlon --use_sinsinoidal
(blocking_2) (0/61) CUDA_VISIBLE_DEVICES=2 python train_addr.py --dataset=fc --model_name=MyBasicNei --sigma=3 --sigma2=0.05 --use_latlon --use_sinsinoidal
(blocking_3) (0/60) CUDA_VISIBLE_DEVICES=3 python train_addr.py --dataset=poa --model_name=MyBasicNei --sigma=3 --sigma2=0.02 --use_latlon --use_sinsinoidal
(blocking_0) (0/59) CUDA_VISIBLE_DEVICES=0 python train_addr.py --dataset=kc --model_name=MyBasicNei --sigma=3 --sigma2=0.02 --use_latlon --use_sinsinoidal
(blocking_3) (0/58) CUDA_VISIBLE_DEVICES=3 python train_addr.py --dataset=sp --model_name=MyBasicNei --sigma=3 --sigma2=0.02 --use_latlon --use_sinsinoidal
(blocking_0) (0/57) CUDA_VISIBLE_DEVICES=0 python train_addr.py --dataset=fc --model_name=MyBasicNei --sigma=3 --sigma2=0.02 --use_latlon --use_sinsinoidal
(blocking_1) (0/56) CUDA_VISIBLE_DEVICES=1 python train_addr.py --dataset=poa --model_name=MyBasicNei --sigma=3 --sigma2=0.2 --use_latlon --use_sinsinoidal
(blocking_1) (0/55) CUDA_VISIBLE_DEVICES=1 python train_addr.py --dataset=kc --model_name=MyBasicNei --sigma=3 --sigma2=0.2 --use_latlon --use_sinsinoidal
(blocking_1) (0/54) CUDA_VISIBLE_DEVICES=1 python train_addr.py --dataset=sp --model_name=MyBasicNei --sigma=3 --sigma2=0.2 --use_latlon --use_sinsinoidal
(blocking_2) (0/53) CUDA_VISIBLE_DEVICES=2 python train_addr.py --dataset=fc --model_name=MyBasicNei --sigma=3 --sigma2=0.2 --use_latlon --use_sinsinoidal
(blocking_3) (0/52) CUDA_VISIBLE_DEVICES=3 python train_addr.py --dataset=poa --model_name=MyBasicNei --sigma=3 --sigma2=2 --use_latlon --use_sinsinoidal
(blocking_3) (0/51) CUDA_VISIBLE_DEVICES=3 python train_addr.py --dataset=kc --model_name=MyBasicNei --sigma=3 --sigma2=2 --use_latlon --use_sinsinoidal
(blocking_0) (0/50) CUDA_VISIBLE_DEVICES=0 python train_addr.py --dataset=sp --model_name=MyBasicNei --sigma=3 --sigma2=2 --use_latlon --use_sinsinoidal
(blocking_3) (0/49) CUDA_VISIBLE_DEVICES=3 python train_addr.py --dataset=fc --model_name=MyBasicNei --sigma=3 --sigma2=2 --use_latlon --use_sinsinoidal
(blocking_1) (0/48) CUDA_VISIBLE_DEVICES=1 python train_addr.py --dataset=poa --model_name=MyBasicNei --sigma=5 --sigma2=0.05 --use_latlon --use_sinsinoidal
(blocking_2) (0/47) CUDA_VISIBLE_DEVICES=2 python train_addr.py --dataset=kc --model_name=MyBasicNei --sigma=5 --sigma2=0.05 --use_latlon --use_sinsinoidal
(blocking_0) (0/46) CUDA_VISIBLE_DEVICES=0 python train_addr.py --dataset=sp --model_name=MyBasicNei --sigma=5 --sigma2=0.05 --use_latlon --use_sinsinoidal
(blocking_1) (0/45) CUDA_VISIBLE_DEVICES=1 python train_addr.py --dataset=fc --model_name=MyBasicNei --sigma=5 --sigma2=0.05 --use_latlon --use_sinsinoidal
(blocking_2) (0/44) CUDA_VISIBLE_DEVICES=2 python train_addr.py --dataset=poa --model_name=MyBasicNei --sigma=5 --sigma2=0.02 --use_latlon --use_sinsinoidal
(blocking_2) (0/43) CUDA_VISIBLE_DEVICES=2 python train_addr.py --dataset=kc --model_name=MyBasicNei --sigma=5 --sigma2=0.02 --use_latlon --use_sinsinoidal
(blocking_3) (0/42) CUDA_VISIBLE_DEVICES=3 python train_addr.py --dataset=sp --model_name=MyBasicNei --sigma=5 --sigma2=0.02 --use_latlon --use_sinsinoidal
(blocking_2) (0/41) CUDA_VISIBLE_DEVICES=2 python train_addr.py --dataset=fc --model_name=MyBasicNei --sigma=5 --sigma2=0.02 --use_latlon --use_sinsinoidal
(blocking_0) (0/40) CUDA_VISIBLE_DEVICES=0 python train_addr.py --dataset=poa --model_name=MyBasicNei --sigma=5 --sigma2=0.2 --use_latlon --use_sinsinoidal
(blocking_0) (0/39) CUDA_VISIBLE_DEVICES=0 python train_addr.py --dataset=kc --model_name=MyBasicNei --sigma=5 --sigma2=0.2 --use_latlon --use_sinsinoidal
(blocking_1) (0/38) CUDA_VISIBLE_DEVICES=1 python train_addr.py --dataset=sp --model_name=MyBasicNei --sigma=5 --sigma2=0.2 --use_latlon --use_sinsinoidal
(blocking_3) (0/37) CUDA_VISIBLE_DEVICES=3 python train_addr.py --dataset=fc --model_name=MyBasicNei --sigma=5 --sigma2=0.2 --use_latlon --use_sinsinoidal
(blocking_0) (0/36) CUDA_VISIBLE_DEVICES=0 python train_addr.py --dataset=poa --model_name=MyBasicNei --sigma=5 --sigma2=2 --use_latlon --use_sinsinoidal
(blocking_0) (0/35) CUDA_VISIBLE_DEVICES=0 python train_addr.py --dataset=kc --model_name=MyBasicNei --sigma=5 --sigma2=2 --use_latlon --use_sinsinoidal
(blocking_2) (0/34) CUDA_VISIBLE_DEVICES=2 python train_addr.py --dataset=sp --model_name=MyBasicNei --sigma=5 --sigma2=2 --use_latlon --use_sinsinoidal
(blocking_1) (0/33) CUDA_VISIBLE_DEVICES=1 python train_addr.py --dataset=fc --model_name=MyBasicNei --sigma=5 --sigma2=2 --use_latlon --use_sinsinoidal
(blocking_0) (0/32) CUDA_VISIBLE_DEVICES=0 python train_addr.py --dataset=poa --model_name=MyBasicNei --sigma=10 --sigma2=0.05 --use_latlon --use_sinsinoidal
(blocking_0) (0/31) CUDA_VISIBLE_DEVICES=0 python train_addr.py --dataset=kc --model_name=MyBasicNei --sigma=10 --sigma2=0.05 --use_latlon --use_sinsinoidal
(blocking_3) (0/30) CUDA_VISIBLE_DEVICES=3 python train_addr.py --dataset=sp --model_name=MyBasicNei --sigma=10 --sigma2=0.05 --use_latlon --use_sinsinoidal
(blocking_0) (0/29) CUDA_VISIBLE_DEVICES=0 python train_addr.py --dataset=fc --model_name=MyBasicNei --sigma=10 --sigma2=0.05 --use_latlon --use_sinsinoidal
(blocking_2) (0/28) CUDA_VISIBLE_DEVICES=2 python train_addr.py --dataset=poa --model_name=MyBasicNei --sigma=10 --sigma2=0.02 --use_latlon --use_sinsinoidal
(blocking_1) (0/27) CUDA_VISIBLE_DEVICES=1 python train_addr.py --dataset=kc --model_name=MyBasicNei --sigma=10 --sigma2=0.02 --use_latlon --use_sinsinoidal
(blocking_2) (0/26) CUDA_VISIBLE_DEVICES=2 python train_addr.py --dataset=sp --model_name=MyBasicNei --sigma=10 --sigma2=0.02 --use_latlon --use_sinsinoidal
(blocking_1) (0/25) CUDA_VISIBLE_DEVICES=1 python train_addr.py --dataset=fc --model_name=MyBasicNei --sigma=10 --sigma2=0.02 --use_latlon --use_sinsinoidal
(blocking_3) (0/24) CUDA_VISIBLE_DEVICES=3 python train_addr.py --dataset=poa --model_name=MyBasicNei --sigma=10 --sigma2=0.2 --use_latlon --use_sinsinoidal
(blocking_3) (0/23) CUDA_VISIBLE_DEVICES=3 python train_addr.py --dataset=kc --model_name=MyBasicNei --sigma=10 --sigma2=0.2 --use_latlon --use_sinsinoidal
(blocking_2) (0/22) CUDA_VISIBLE_DEVICES=2 python train_addr.py --dataset=sp --model_name=MyBasicNei --sigma=10 --sigma2=0.2 --use_latlon --use_sinsinoidal
(blocking_0) (0/21) CUDA_VISIBLE_DEVICES=0 python train_addr.py --dataset=fc --model_name=MyBasicNei --sigma=10 --sigma2=0.2 --use_latlon --use_sinsinoidal
(blocking_3) (0/20) CUDA_VISIBLE_DEVICES=3 python train_addr.py --dataset=poa --model_name=MyBasicNei --sigma=10 --sigma2=2 --use_latlon --use_sinsinoidal
(blocking_1) (0/19) CUDA_VISIBLE_DEVICES=1 python train_addr.py --dataset=kc --model_name=MyBasicNei --sigma=10 --sigma2=2 --use_latlon --use_sinsinoidal
(blocking_3) (0/18) CUDA_VISIBLE_DEVICES=3 python train_addr.py --dataset=sp --model_name=MyBasicNei --sigma=10 --sigma2=2 --use_latlon --use_sinsinoidal
(blocking_1) (0/17) CUDA_VISIBLE_DEVICES=1 python train_addr.py --dataset=fc --model_name=MyBasicNei --sigma=10 --sigma2=2 --use_latlon --use_sinsinoidal
(blocking_2) (0/16) CUDA_VISIBLE_DEVICES=2 python train_addr.py --dataset=poa --model_name=MyBasicNei --sigma=20 --sigma2=0.05 --use_latlon --use_sinsinoidal
(blocking_0) (0/15) CUDA_VISIBLE_DEVICES=0 python train_addr.py --dataset=kc --model_name=MyBasicNei --sigma=20 --sigma2=0.05 --use_latlon --use_sinsinoidal
(blocking_2) (0/14) CUDA_VISIBLE_DEVICES=2 python train_addr.py --dataset=sp --model_name=MyBasicNei --sigma=20 --sigma2=0.05 --use_latlon --use_sinsinoidal
(blocking_0) (0/13) CUDA_VISIBLE_DEVICES=0 python train_addr.py --dataset=fc --model_name=MyBasicNei --sigma=20 --sigma2=0.05 --use_latlon --use_sinsinoidal
(blocking_3) (0/12) CUDA_VISIBLE_DEVICES=3 python train_addr.py --dataset=poa --model_name=MyBasicNei --sigma=20 --sigma2=0.02 --use_latlon --use_sinsinoidal
(blocking_1) (0/11) CUDA_VISIBLE_DEVICES=1 python train_addr.py --dataset=kc --model_name=MyBasicNei --sigma=20 --sigma2=0.02 --use_latlon --use_sinsinoidal
(blocking_3) (0/10) CUDA_VISIBLE_DEVICES=3 python train_addr.py --dataset=sp --model_name=MyBasicNei --sigma=20 --sigma2=0.02 --use_latlon --use_sinsinoidal
(blocking_2) (0/9) CUDA_VISIBLE_DEVICES=2 python train_addr.py --dataset=fc --model_name=MyBasicNei --sigma=20 --sigma2=0.02 --use_latlon --use_sinsinoidal
(blocking_1) (0/8) CUDA_VISIBLE_DEVICES=1 python train_addr.py --dataset=poa --model_name=MyBasicNei --sigma=20 --sigma2=0.2 --use_latlon --use_sinsinoidal
(blocking_1) (0/7) CUDA_VISIBLE_DEVICES=1 python train_addr.py --dataset=kc --model_name=MyBasicNei --sigma=20 --sigma2=0.2 --use_latlon --use_sinsinoidal
(blocking_0) (0/6) CUDA_VISIBLE_DEVICES=0 python train_addr.py --dataset=sp --model_name=MyBasicNei --sigma=20 --sigma2=0.2 --use_latlon --use_sinsinoidal
(blocking_1) (0/5) CUDA_VISIBLE_DEVICES=1 python train_addr.py --dataset=fc --model_name=MyBasicNei --sigma=20 --sigma2=0.2 --use_latlon --use_sinsinoidal
(blocking_3) (0/4) CUDA_VISIBLE_DEVICES=3 python train_addr.py --dataset=poa --model_name=MyBasicNei --sigma=20 --sigma2=2 --use_latlon --use_sinsinoidal
(blocking_2) (0/3) CUDA_VISIBLE_DEVICES=2 python train_addr.py --dataset=kc --model_name=MyBasicNei --sigma=20 --sigma2=2 --use_latlon --use_sinsinoidal
(blocking_3) (0/2) CUDA_VISIBLE_DEVICES=3 python train_addr.py --dataset=sp --model_name=MyBasicNei --sigma=20 --sigma2=2 --use_latlon --use_sinsinoidal
(blocking_2) (0/1) CUDA_VISIBLE_DEVICES=2 python train_addr.py --dataset=fc --model_name=MyBasicNei --sigma=20 --sigma2=2 --use_latlon --use_sinsinoidal
